[0.415s] DEBUG:colcon:Command line arguments: ['/usr/bin/colcon', 'build']
[0.416s] DEBUG:colcon:Parsed command line arguments: Namespace(log_base=None, log_level=None, verb_name='build', build_base='build', install_base='install', merge_install=False, symlink_install=False, test_result_base=None, continue_on_error=False, executor='parallel', parallel_workers=8, event_handlers=None, ignore_user_meta=False, metas=['./colcon.meta'], base_paths=['.'], packages_ignore=None, packages_ignore_regex=None, paths=None, packages_up_to=None, packages_up_to_regex=None, packages_above=None, packages_above_and_dependencies=None, packages_above_depth=None, packages_select_by_dep=None, packages_skip_by_dep=None, packages_skip_up_to=None, packages_select_build_failed=False, packages_skip_build_finished=False, packages_select_test_failures=False, packages_skip_test_passed=False, packages_select=None, packages_skip=None, packages_select_regex=None, packages_skip_regex=None, packages_start=None, packages_end=None, allow_overriding=[], cmake_args=None, cmake_target=None, cmake_target_skip_unavailable=False, cmake_clean_cache=False, cmake_clean_first=False, cmake_force_configure=False, ament_cmake_args=None, catkin_cmake_args=None, catkin_skip_building_tests=False, verb_parser=<colcon_defaults.argument_parser.defaults.DefaultArgumentsDecorator object at 0x72d07705ab90>, verb_extension=<colcon_core.verb.build.BuildVerb object at 0x72d0771c7c40>, main=<bound method BuildVerb.main of <colcon_core.verb.build.BuildVerb object at 0x72d0771c7c40>>)
[0.468s] Level 1:colcon.colcon_core.package_discovery:discover_packages(colcon_meta) check parameters
[0.468s] Level 1:colcon.colcon_core.package_discovery:discover_packages(recursive) check parameters
[0.468s] Level 1:colcon.colcon_core.package_discovery:discover_packages(ignore) check parameters
[0.468s] Level 1:colcon.colcon_core.package_discovery:discover_packages(path) check parameters
[0.468s] Level 1:colcon.colcon_core.package_discovery:discover_packages(colcon_meta) discover
[0.468s] Level 1:colcon.colcon_core.package_discovery:discover_packages(recursive) discover
[0.468s] INFO:colcon.colcon_core.package_discovery:Crawling recursively for packages in '/workspace'
[0.468s] Level 1:colcon.colcon_core.package_identification:_identify(.) by extensions ['ignore', 'ignore_ament_install']
[0.468s] Level 1:colcon.colcon_core.package_identification:_identify(.) by extension 'ignore'
[0.469s] Level 1:colcon.colcon_core.package_identification:_identify(.) by extension 'ignore_ament_install'
[0.469s] Level 1:colcon.colcon_core.package_identification:_identify(.) by extensions ['colcon_pkg']
[0.469s] Level 1:colcon.colcon_core.package_identification:_identify(.) by extension 'colcon_pkg'
[0.469s] Level 1:colcon.colcon_core.package_identification:_identify(.) by extensions ['colcon_meta']
[0.469s] Level 1:colcon.colcon_core.package_identification:_identify(.) by extension 'colcon_meta'
[0.469s] Level 1:colcon.colcon_core.package_identification:_identify(.) by extensions ['ros']
[0.469s] Level 1:colcon.colcon_core.package_identification:_identify(.) by extension 'ros'
[0.483s] Level 1:colcon.colcon_core.package_identification:_identify(.) by extensions ['cmake', 'python']
[0.483s] Level 1:colcon.colcon_core.package_identification:_identify(.) by extension 'cmake'
[0.483s] Level 1:colcon.colcon_core.package_identification:_identify(.) by extension 'python'
[0.483s] Level 1:colcon.colcon_core.package_identification:_identify(.) by extensions ['python_setup_py']
[0.483s] Level 1:colcon.colcon_core.package_identification:_identify(.) by extension 'python_setup_py'
[0.483s] Level 1:colcon.colcon_core.package_identification:_identify(build) by extensions ['ignore', 'ignore_ament_install']
[0.483s] Level 1:colcon.colcon_core.package_identification:_identify(build) by extension 'ignore'
[0.483s] Level 1:colcon.colcon_core.package_identification:_identify(build) ignored
[0.483s] Level 1:colcon.colcon_core.package_identification:_identify(install) by extensions ['ignore', 'ignore_ament_install']
[0.483s] Level 1:colcon.colcon_core.package_identification:_identify(install) by extension 'ignore'
[0.484s] Level 1:colcon.colcon_core.package_identification:_identify(install) ignored
[0.484s] Level 1:colcon.colcon_core.package_identification:_identify(log) by extensions ['ignore', 'ignore_ament_install']
[0.484s] Level 1:colcon.colcon_core.package_identification:_identify(log) by extension 'ignore'
[0.484s] Level 1:colcon.colcon_core.package_identification:_identify(log) ignored
[0.484s] Level 1:colcon.colcon_core.package_identification:_identify(src) by extensions ['ignore', 'ignore_ament_install']
[0.484s] Level 1:colcon.colcon_core.package_identification:_identify(src) by extension 'ignore'
[0.484s] Level 1:colcon.colcon_core.package_identification:_identify(src) by extension 'ignore_ament_install'
[0.484s] Level 1:colcon.colcon_core.package_identification:_identify(src) by extensions ['colcon_pkg']
[0.484s] Level 1:colcon.colcon_core.package_identification:_identify(src) by extension 'colcon_pkg'
[0.484s] Level 1:colcon.colcon_core.package_identification:_identify(src) by extensions ['colcon_meta']
[0.484s] Level 1:colcon.colcon_core.package_identification:_identify(src) by extension 'colcon_meta'
[0.484s] Level 1:colcon.colcon_core.package_identification:_identify(src) by extensions ['ros']
[0.484s] Level 1:colcon.colcon_core.package_identification:_identify(src) by extension 'ros'
[0.484s] Level 1:colcon.colcon_core.package_identification:_identify(src) by extensions ['cmake', 'python']
[0.484s] Level 1:colcon.colcon_core.package_identification:_identify(src) by extension 'cmake'
[0.484s] Level 1:colcon.colcon_core.package_identification:_identify(src) by extension 'python'
[0.484s] Level 1:colcon.colcon_core.package_identification:_identify(src) by extensions ['python_setup_py']
[0.484s] Level 1:colcon.colcon_core.package_identification:_identify(src) by extension 'python_setup_py'
[0.485s] Level 1:colcon.colcon_core.package_identification:_identify(src/ros2_slam_gmapping) by extensions ['ignore', 'ignore_ament_install']
[0.485s] Level 1:colcon.colcon_core.package_identification:_identify(src/ros2_slam_gmapping) by extension 'ignore'
[0.485s] Level 1:colcon.colcon_core.package_identification:_identify(src/ros2_slam_gmapping) by extension 'ignore_ament_install'
[0.485s] Level 1:colcon.colcon_core.package_identification:_identify(src/ros2_slam_gmapping) by extensions ['colcon_pkg']
[0.485s] Level 1:colcon.colcon_core.package_identification:_identify(src/ros2_slam_gmapping) by extension 'colcon_pkg'
[0.485s] Level 1:colcon.colcon_core.package_identification:_identify(src/ros2_slam_gmapping) by extensions ['colcon_meta']
[0.485s] Level 1:colcon.colcon_core.package_identification:_identify(src/ros2_slam_gmapping) by extension 'colcon_meta'
[0.485s] Level 1:colcon.colcon_core.package_identification:_identify(src/ros2_slam_gmapping) by extensions ['ros']
[0.485s] Level 1:colcon.colcon_core.package_identification:_identify(src/ros2_slam_gmapping) by extension 'ros'
[0.485s] Level 1:colcon.colcon_core.package_identification:_identify(src/ros2_slam_gmapping) by extensions ['cmake', 'python']
[0.485s] Level 1:colcon.colcon_core.package_identification:_identify(src/ros2_slam_gmapping) by extension 'cmake'
[0.485s] Level 1:colcon.colcon_core.package_identification:_identify(src/ros2_slam_gmapping) by extension 'python'
[0.485s] Level 1:colcon.colcon_core.package_identification:_identify(src/ros2_slam_gmapping) by extensions ['python_setup_py']
[0.485s] Level 1:colcon.colcon_core.package_identification:_identify(src/ros2_slam_gmapping) by extension 'python_setup_py'
[0.485s] Level 1:colcon.colcon_core.package_identification:_identify(src/ros2_slam_gmapping/openslam_gmapping) by extensions ['ignore', 'ignore_ament_install']
[0.486s] Level 1:colcon.colcon_core.package_identification:_identify(src/ros2_slam_gmapping/openslam_gmapping) by extension 'ignore'
[0.486s] Level 1:colcon.colcon_core.package_identification:_identify(src/ros2_slam_gmapping/openslam_gmapping) by extension 'ignore_ament_install'
[0.486s] Level 1:colcon.colcon_core.package_identification:_identify(src/ros2_slam_gmapping/openslam_gmapping) by extensions ['colcon_pkg']
[0.486s] Level 1:colcon.colcon_core.package_identification:_identify(src/ros2_slam_gmapping/openslam_gmapping) by extension 'colcon_pkg'
[0.486s] Level 1:colcon.colcon_core.package_identification:_identify(src/ros2_slam_gmapping/openslam_gmapping) by extensions ['colcon_meta']
[0.486s] Level 1:colcon.colcon_core.package_identification:_identify(src/ros2_slam_gmapping/openslam_gmapping) by extension 'colcon_meta'
[0.486s] Level 1:colcon.colcon_core.package_identification:_identify(src/ros2_slam_gmapping/openslam_gmapping) by extensions ['ros']
[0.486s] Level 1:colcon.colcon_core.package_identification:_identify(src/ros2_slam_gmapping/openslam_gmapping) by extension 'ros'
[0.492s] DEBUG:colcon.colcon_core.package_identification:Package 'src/ros2_slam_gmapping/openslam_gmapping' with type 'ros.ament_cmake' and name 'openslam_gmapping'
[0.492s] Level 1:colcon.colcon_core.package_identification:_identify(src/ros2_slam_gmapping/slam_gmapping) by extensions ['ignore', 'ignore_ament_install']
[0.492s] Level 1:colcon.colcon_core.package_identification:_identify(src/ros2_slam_gmapping/slam_gmapping) by extension 'ignore'
[0.493s] Level 1:colcon.colcon_core.package_identification:_identify(src/ros2_slam_gmapping/slam_gmapping) by extension 'ignore_ament_install'
[0.493s] Level 1:colcon.colcon_core.package_identification:_identify(src/ros2_slam_gmapping/slam_gmapping) by extensions ['colcon_pkg']
[0.493s] Level 1:colcon.colcon_core.package_identification:_identify(src/ros2_slam_gmapping/slam_gmapping) by extension 'colcon_pkg'
[0.493s] Level 1:colcon.colcon_core.package_identification:_identify(src/ros2_slam_gmapping/slam_gmapping) by extensions ['colcon_meta']
[0.493s] Level 1:colcon.colcon_core.package_identification:_identify(src/ros2_slam_gmapping/slam_gmapping) by extension 'colcon_meta'
[0.493s] Level 1:colcon.colcon_core.package_identification:_identify(src/ros2_slam_gmapping/slam_gmapping) by extensions ['ros']
[0.493s] Level 1:colcon.colcon_core.package_identification:_identify(src/ros2_slam_gmapping/slam_gmapping) by extension 'ros'
[0.495s] DEBUG:colcon.colcon_core.package_identification:Package 'src/ros2_slam_gmapping/slam_gmapping' with type 'ros.ament_cmake' and name 'slam_gmapping'
[0.495s] Level 1:colcon.colcon_core.package_identification:_identify(src/star) by extensions ['ignore', 'ignore_ament_install']
[0.495s] Level 1:colcon.colcon_core.package_identification:_identify(src/star) by extension 'ignore'
[0.495s] Level 1:colcon.colcon_core.package_identification:_identify(src/star) by extension 'ignore_ament_install'
[0.495s] Level 1:colcon.colcon_core.package_identification:_identify(src/star) by extensions ['colcon_pkg']
[0.495s] Level 1:colcon.colcon_core.package_identification:_identify(src/star) by extension 'colcon_pkg'
[0.495s] Level 1:colcon.colcon_core.package_identification:_identify(src/star) by extensions ['colcon_meta']
[0.495s] Level 1:colcon.colcon_core.package_identification:_identify(src/star) by extension 'colcon_meta'
[0.496s] Level 1:colcon.colcon_core.package_identification:_identify(src/star) by extensions ['ros']
[0.496s] Level 1:colcon.colcon_core.package_identification:_identify(src/star) by extension 'ros'
[0.497s] DEBUG:colcon.colcon_core.package_identification:Package 'src/star' with type 'ros.ament_python' and name 'star'
[0.497s] Level 1:colcon.colcon_core.package_identification:_identify(src/survey) by extensions ['ignore', 'ignore_ament_install']
[0.497s] Level 1:colcon.colcon_core.package_identification:_identify(src/survey) by extension 'ignore'
[0.497s] Level 1:colcon.colcon_core.package_identification:_identify(src/survey) by extension 'ignore_ament_install'
[0.497s] Level 1:colcon.colcon_core.package_identification:_identify(src/survey) by extensions ['colcon_pkg']
[0.497s] Level 1:colcon.colcon_core.package_identification:_identify(src/survey) by extension 'colcon_pkg'
[0.497s] Level 1:colcon.colcon_core.package_identification:_identify(src/survey) by extensions ['colcon_meta']
[0.497s] Level 1:colcon.colcon_core.package_identification:_identify(src/survey) by extension 'colcon_meta'
[0.497s] Level 1:colcon.colcon_core.package_identification:_identify(src/survey) by extensions ['ros']
[0.498s] Level 1:colcon.colcon_core.package_identification:_identify(src/survey) by extension 'ros'
[0.498s] DEBUG:colcon.colcon_core.package_identification:Package 'src/survey' with type 'ros.ament_cmake' and name 'survey'
[0.498s] Level 1:colcon.colcon_core.package_discovery:discover_packages(recursive) using defaults
[0.498s] Level 1:colcon.colcon_core.package_discovery:discover_packages(ignore) discover
[0.498s] Level 1:colcon.colcon_core.package_discovery:discover_packages(ignore) using defaults
[0.498s] Level 1:colcon.colcon_core.package_discovery:discover_packages(path) discover
[0.498s] Level 1:colcon.colcon_core.package_discovery:discover_packages(path) using defaults
[0.528s] Level 1:colcon.colcon_core.package_discovery:discover_packages(prefix_path) check parameters
[0.529s] Level 1:colcon.colcon_core.package_discovery:discover_packages(prefix_path) discover
[0.531s] DEBUG:colcon.colcon_installed_package_information.package_discovery:Found 2 installed packages in /workspace/install
[0.534s] DEBUG:colcon.colcon_installed_package_information.package_discovery:Found 279 installed packages in /opt/ros/humble
[0.536s] Level 1:colcon.colcon_core.package_discovery:discover_packages(prefix_path) using defaults
[0.608s] Level 5:colcon.colcon_core.verb:set package 'openslam_gmapping' build argument 'cmake_args' from command line to 'None'
[0.608s] Level 5:colcon.colcon_core.verb:set package 'openslam_gmapping' build argument 'cmake_target' from command line to 'None'
[0.608s] Level 5:colcon.colcon_core.verb:set package 'openslam_gmapping' build argument 'cmake_target_skip_unavailable' from command line to 'False'
[0.608s] Level 5:colcon.colcon_core.verb:set package 'openslam_gmapping' build argument 'cmake_clean_cache' from command line to 'False'
[0.608s] Level 5:colcon.colcon_core.verb:set package 'openslam_gmapping' build argument 'cmake_clean_first' from command line to 'False'
[0.608s] Level 5:colcon.colcon_core.verb:set package 'openslam_gmapping' build argument 'cmake_force_configure' from command line to 'False'
[0.608s] Level 5:colcon.colcon_core.verb:set package 'openslam_gmapping' build argument 'ament_cmake_args' from command line to 'None'
[0.608s] Level 5:colcon.colcon_core.verb:set package 'openslam_gmapping' build argument 'catkin_cmake_args' from command line to 'None'
[0.608s] Level 5:colcon.colcon_core.verb:set package 'openslam_gmapping' build argument 'catkin_skip_building_tests' from command line to 'False'
[0.608s] DEBUG:colcon.colcon_core.verb:Building package 'openslam_gmapping' with the following arguments: {'ament_cmake_args': None, 'build_base': '/workspace/build/openslam_gmapping', 'catkin_cmake_args': None, 'catkin_skip_building_tests': False, 'cmake_args': None, 'cmake_clean_cache': False, 'cmake_clean_first': False, 'cmake_force_configure': False, 'cmake_target': None, 'cmake_target_skip_unavailable': False, 'install_base': '/workspace/install/openslam_gmapping', 'merge_install': False, 'path': '/workspace/src/ros2_slam_gmapping/openslam_gmapping', 'symlink_install': False, 'test_result_base': None}
[0.609s] Level 5:colcon.colcon_core.verb:set package 'star' build argument 'cmake_args' from command line to 'None'
[0.609s] Level 5:colcon.colcon_core.verb:set package 'star' build argument 'cmake_target' from command line to 'None'
[0.609s] Level 5:colcon.colcon_core.verb:set package 'star' build argument 'cmake_target_skip_unavailable' from command line to 'False'
[0.609s] Level 5:colcon.colcon_core.verb:set package 'star' build argument 'cmake_clean_cache' from command line to 'False'
[0.609s] Level 5:colcon.colcon_core.verb:set package 'star' build argument 'cmake_clean_first' from command line to 'False'
[0.609s] Level 5:colcon.colcon_core.verb:set package 'star' build argument 'cmake_force_configure' from command line to 'False'
[0.609s] Level 5:colcon.colcon_core.verb:set package 'star' build argument 'ament_cmake_args' from command line to 'None'
[0.609s] Level 5:colcon.colcon_core.verb:set package 'star' build argument 'catkin_cmake_args' from command line to 'None'
[0.609s] Level 5:colcon.colcon_core.verb:set package 'star' build argument 'catkin_skip_building_tests' from command line to 'False'
[0.609s] DEBUG:colcon.colcon_core.verb:Building package 'star' with the following arguments: {'ament_cmake_args': None, 'build_base': '/workspace/build/star', 'catkin_cmake_args': None, 'catkin_skip_building_tests': False, 'cmake_args': None, 'cmake_clean_cache': False, 'cmake_clean_first': False, 'cmake_force_configure': False, 'cmake_target': None, 'cmake_target_skip_unavailable': False, 'install_base': '/workspace/install/star', 'merge_install': False, 'path': '/workspace/src/star', 'symlink_install': False, 'test_result_base': None}
[0.610s] Level 5:colcon.colcon_core.verb:set package 'survey' build argument 'cmake_args' from command line to 'None'
[0.610s] Level 5:colcon.colcon_core.verb:set package 'survey' build argument 'cmake_target' from command line to 'None'
[0.610s] Level 5:colcon.colcon_core.verb:set package 'survey' build argument 'cmake_target_skip_unavailable' from command line to 'False'
[0.610s] Level 5:colcon.colcon_core.verb:set package 'survey' build argument 'cmake_clean_cache' from command line to 'False'
[0.610s] Level 5:colcon.colcon_core.verb:set package 'survey' build argument 'cmake_clean_first' from command line to 'False'
[0.610s] Level 5:colcon.colcon_core.verb:set package 'survey' build argument 'cmake_force_configure' from command line to 'False'
[0.610s] Level 5:colcon.colcon_core.verb:set package 'survey' build argument 'ament_cmake_args' from command line to 'None'
[0.610s] Level 5:colcon.colcon_core.verb:set package 'survey' build argument 'catkin_cmake_args' from command line to 'None'
[0.610s] Level 5:colcon.colcon_core.verb:set package 'survey' build argument 'catkin_skip_building_tests' from command line to 'False'
[0.611s] DEBUG:colcon.colcon_core.verb:Building package 'survey' with the following arguments: {'ament_cmake_args': None, 'build_base': '/workspace/build/survey', 'catkin_cmake_args': None, 'catkin_skip_building_tests': False, 'cmake_args': None, 'cmake_clean_cache': False, 'cmake_clean_first': False, 'cmake_force_configure': False, 'cmake_target': None, 'cmake_target_skip_unavailable': False, 'install_base': '/workspace/install/survey', 'merge_install': False, 'path': '/workspace/src/survey', 'symlink_install': False, 'test_result_base': None}
[0.611s] Level 5:colcon.colcon_core.verb:set package 'slam_gmapping' build argument 'cmake_args' from command line to 'None'
[0.611s] Level 5:colcon.colcon_core.verb:set package 'slam_gmapping' build argument 'cmake_target' from command line to 'None'
[0.612s] Level 5:colcon.colcon_core.verb:set package 'slam_gmapping' build argument 'cmake_target_skip_unavailable' from command line to 'False'
[0.612s] Level 5:colcon.colcon_core.verb:set package 'slam_gmapping' build argument 'cmake_clean_cache' from command line to 'False'
[0.612s] Level 5:colcon.colcon_core.verb:set package 'slam_gmapping' build argument 'cmake_clean_first' from command line to 'False'
[0.612s] Level 5:colcon.colcon_core.verb:set package 'slam_gmapping' build argument 'cmake_force_configure' from command line to 'False'
[0.612s] Level 5:colcon.colcon_core.verb:set package 'slam_gmapping' build argument 'ament_cmake_args' from command line to 'None'
[0.612s] Level 5:colcon.colcon_core.verb:set package 'slam_gmapping' build argument 'catkin_cmake_args' from command line to 'None'
[0.612s] Level 5:colcon.colcon_core.verb:set package 'slam_gmapping' build argument 'catkin_skip_building_tests' from command line to 'False'
[0.612s] DEBUG:colcon.colcon_core.verb:Building package 'slam_gmapping' with the following arguments: {'ament_cmake_args': None, 'build_base': '/workspace/build/slam_gmapping', 'catkin_cmake_args': None, 'catkin_skip_building_tests': False, 'cmake_args': None, 'cmake_clean_cache': False, 'cmake_clean_first': False, 'cmake_force_configure': False, 'cmake_target': None, 'cmake_target_skip_unavailable': False, 'install_base': '/workspace/install/slam_gmapping', 'merge_install': False, 'path': '/workspace/src/ros2_slam_gmapping/slam_gmapping', 'symlink_install': False, 'test_result_base': None}
[0.612s] INFO:colcon.colcon_core.executor:Executing jobs using 'parallel' executor
[0.616s] DEBUG:colcon.colcon_parallel_executor.executor.parallel:run_until_complete
[0.617s] INFO:colcon.colcon_ros.task.ament_cmake.build:Building ROS package in '/workspace/src/ros2_slam_gmapping/openslam_gmapping' with build type 'ament_cmake'
[0.617s] INFO:colcon.colcon_cmake.task.cmake.build:Building CMake package in '/workspace/src/ros2_slam_gmapping/openslam_gmapping'
[0.627s] INFO:colcon.colcon_core.plugin_system:Skipping extension 'colcon_core.shell.bat': Not used on non-Windows systems
[0.627s] INFO:colcon.colcon_core.shell:Skip shell extension 'powershell' for command environment: Not usable outside of PowerShell
[0.627s] DEBUG:colcon.colcon_core.shell:Skip shell extension 'dsv' for command environment
[0.634s] INFO:colcon.colcon_ros.task.ament_python.build:Building ROS package in '/workspace/src/star' with build type 'ament_python'
[0.635s] Level 1:colcon.colcon_core.shell:create_environment_hook('star', 'ament_prefix_path')
[0.636s] INFO:colcon.colcon_core.shell:Creating environment hook '/workspace/install/star/share/star/hook/ament_prefix_path.ps1'
[0.637s] INFO:colcon.colcon_core.shell:Creating environment descriptor '/workspace/install/star/share/star/hook/ament_prefix_path.dsv'
[0.638s] INFO:colcon.colcon_core.shell:Creating environment hook '/workspace/install/star/share/star/hook/ament_prefix_path.sh'
[0.640s] INFO:colcon.colcon_core.shell:Skip shell extension 'powershell' for command environment: Not usable outside of PowerShell
[0.640s] DEBUG:colcon.colcon_core.shell:Skip shell extension 'dsv' for command environment
[0.647s] INFO:colcon.colcon_ros.task.ament_cmake.build:Building ROS package in '/workspace/src/survey' with build type 'ament_cmake'
[0.647s] INFO:colcon.colcon_cmake.task.cmake.build:Building CMake package in '/workspace/src/survey'
[0.649s] INFO:colcon.colcon_core.shell:Skip shell extension 'powershell' for command environment: Not usable outside of PowerShell
[0.649s] DEBUG:colcon.colcon_core.shell:Skip shell extension 'dsv' for command environment
[0.668s] DEBUG:colcon.colcon_core.event_handler.log_command:Invoking command in '/workspace/build/openslam_gmapping': CMAKE_PREFIX_PATH=${CMAKE_PREFIX_PATH}:/workspace/install/star:/opt/ros/humble /usr/bin/cmake /workspace/src/ros2_slam_gmapping/openslam_gmapping -DCMAKE_INSTALL_PREFIX=/workspace/install/openslam_gmapping
[1.039s] INFO:colcon.colcon_core.task.python.build:Building Python package in '/workspace/src/star'
[1.041s] INFO:colcon.colcon_core.shell:Skip shell extension 'powershell' for command environment: Not usable outside of PowerShell
[1.041s] DEBUG:colcon.colcon_core.shell:Skip shell extension 'dsv' for command environment
[1.054s] DEBUG:colcon.colcon_core.event_handler.log_command:Invoking command in '/workspace/build/survey': CMAKE_PREFIX_PATH=${CMAKE_PREFIX_PATH}:/workspace/install/star:/opt/ros/humble /usr/bin/cmake --build /workspace/build/survey -- -j8 -l8
[1.112s] DEBUG:colcon.colcon_core.event_handler.log_command:Invoked command in '/workspace/build/survey' returned '0': CMAKE_PREFIX_PATH=${CMAKE_PREFIX_PATH}:/workspace/install/star:/opt/ros/humble /usr/bin/cmake --build /workspace/build/survey -- -j8 -l8
[1.168s] DEBUG:colcon.colcon_core.event_handler.log_command:Invoking command in '/workspace/build/survey': CMAKE_PREFIX_PATH=${CMAKE_PREFIX_PATH}:/workspace/install/star:/opt/ros/humble /usr/bin/cmake --install /workspace/build/survey
[1.185s] Level 1:colcon.colcon_core.environment:create_environment_scripts_only(survey)
[1.187s] DEBUG:colcon.colcon_core.event_handler.log_command:Invoked command in '/workspace/build/survey' returned '0': CMAKE_PREFIX_PATH=${CMAKE_PREFIX_PATH}:/workspace/install/star:/opt/ros/humble /usr/bin/cmake --install /workspace/build/survey
[1.195s] Level 1:colcon.colcon_core.environment:checking '/workspace/install/survey' for CMake module files
[1.195s] Level 1:colcon.colcon_core.environment:checking '/workspace/install/survey' for CMake config files
[1.196s] Level 1:colcon.colcon_core.shell:create_environment_hook('survey', 'cmake_prefix_path')
[1.197s] INFO:colcon.colcon_core.shell:Creating environment hook '/workspace/install/survey/share/survey/hook/cmake_prefix_path.ps1'
[1.198s] INFO:colcon.colcon_core.shell:Creating environment descriptor '/workspace/install/survey/share/survey/hook/cmake_prefix_path.dsv'
[1.198s] INFO:colcon.colcon_core.shell:Creating environment hook '/workspace/install/survey/share/survey/hook/cmake_prefix_path.sh'
[1.199s] Level 1:colcon.colcon_core.environment:checking '/workspace/install/survey/bin'
[1.199s] Level 1:colcon.colcon_core.environment:checking '/workspace/install/survey/lib/pkgconfig/survey.pc'
[1.200s] Level 1:colcon.colcon_core.environment:checking '/workspace/install/survey/lib/python3.10/site-packages'
[1.200s] Level 1:colcon.colcon_core.environment:checking '/workspace/install/survey/bin'
[1.201s] INFO:colcon.colcon_core.shell:Creating package script '/workspace/install/survey/share/survey/package.ps1'
[1.202s] INFO:colcon.colcon_core.shell:Creating package descriptor '/workspace/install/survey/share/survey/package.dsv'
[1.203s] INFO:colcon.colcon_core.shell:Creating package script '/workspace/install/survey/share/survey/package.sh'
[1.204s] INFO:colcon.colcon_core.shell:Creating package script '/workspace/install/survey/share/survey/package.bash'
[1.205s] INFO:colcon.colcon_core.shell:Creating package script '/workspace/install/survey/share/survey/package.zsh'
[1.206s] Level 1:colcon.colcon_core.environment:create_file_with_runtime_dependencies(/workspace/install/survey/share/colcon-core/packages/survey)
[1.244s] Level 1:colcon.colcon_core.environment:create_environment_scripts_only(survey)
[1.247s] Level 1:colcon.colcon_core.environment:checking '/workspace/install/survey' for CMake module files
[1.247s] Level 1:colcon.colcon_core.environment:checking '/workspace/install/survey' for CMake config files
[1.248s] Level 1:colcon.colcon_core.shell:create_environment_hook('survey', 'cmake_prefix_path')
[1.250s] INFO:colcon.colcon_core.shell:Creating environment hook '/workspace/install/survey/share/survey/hook/cmake_prefix_path.ps1'
[1.250s] INFO:colcon.colcon_core.shell:Creating environment descriptor '/workspace/install/survey/share/survey/hook/cmake_prefix_path.dsv'
[1.251s] INFO:colcon.colcon_core.shell:Creating environment hook '/workspace/install/survey/share/survey/hook/cmake_prefix_path.sh'
[1.253s] Level 1:colcon.colcon_core.environment:checking '/workspace/install/survey/bin'
[1.253s] Level 1:colcon.colcon_core.environment:checking '/workspace/install/survey/lib/pkgconfig/survey.pc'
[1.254s] Level 1:colcon.colcon_core.environment:checking '/workspace/install/survey/lib/python3.10/site-packages'
[1.254s] Level 1:colcon.colcon_core.environment:checking '/workspace/install/survey/bin'
[1.257s] INFO:colcon.colcon_core.shell:Creating package script '/workspace/install/survey/share/survey/package.ps1'
[1.258s] INFO:colcon.colcon_core.shell:Creating package descriptor '/workspace/install/survey/share/survey/package.dsv'
[1.259s] INFO:colcon.colcon_core.shell:Creating package script '/workspace/install/survey/share/survey/package.sh'
[1.260s] INFO:colcon.colcon_core.shell:Creating package script '/workspace/install/survey/share/survey/package.bash'
[1.260s] INFO:colcon.colcon_core.shell:Creating package script '/workspace/install/survey/share/survey/package.zsh'
[1.261s] Level 1:colcon.colcon_core.environment:create_file_with_runtime_dependencies(/workspace/install/survey/share/colcon-core/packages/survey)
[1.551s] DEBUG:colcon.colcon_core.event_handler.log_command:Invoking command in '/workspace/src/star': PYTHONPATH=/workspace/build/star/prefix_override:/workspace/install/star/lib/python3.10/site-packages:${PYTHONPATH} /usr/bin/python3 setup.py egg_info --egg-base ../../build/star build --build-base /workspace/build/star/build install --record /workspace/build/star/install.log --single-version-externally-managed
[1.660s] DEBUG:colcon.colcon_core.event_handler.log_command:Invoked command in '/workspace/build/openslam_gmapping' returned '1': CMAKE_PREFIX_PATH=${CMAKE_PREFIX_PATH}:/workspace/install/star:/opt/ros/humble /usr/bin/cmake /workspace/src/ros2_slam_gmapping/openslam_gmapping -DCMAKE_INSTALL_PREFIX=/workspace/install/openslam_gmapping
[1.678s] Level 1:colcon.colcon_core.environment:create_environment_scripts_only(openslam_gmapping)
[1.686s] Level 1:colcon.colcon_core.environment:checking '/workspace/install/openslam_gmapping' for CMake module files
[1.687s] Level 1:colcon.colcon_core.environment:checking '/workspace/install/openslam_gmapping' for CMake config files
[1.688s] Level 1:colcon.colcon_core.environment:checking '/workspace/install/openslam_gmapping/bin'
[1.688s] Level 1:colcon.colcon_core.environment:checking '/workspace/install/openslam_gmapping/lib/pkgconfig/openslam_gmapping.pc'
[1.689s] Level 1:colcon.colcon_core.environment:checking '/workspace/install/openslam_gmapping/lib/python3.10/site-packages'
[1.689s] Level 1:colcon.colcon_core.environment:checking '/workspace/install/openslam_gmapping/bin'
[1.693s] INFO:colcon.colcon_core.shell:Creating package script '/workspace/install/openslam_gmapping/share/openslam_gmapping/package.ps1'
[1.694s] INFO:colcon.colcon_core.shell:Creating package descriptor '/workspace/install/openslam_gmapping/share/openslam_gmapping/package.dsv'
[1.695s] INFO:colcon.colcon_core.shell:Creating package script '/workspace/install/openslam_gmapping/share/openslam_gmapping/package.sh'
[1.696s] INFO:colcon.colcon_core.shell:Creating package script '/workspace/install/openslam_gmapping/share/openslam_gmapping/package.bash'
[1.696s] INFO:colcon.colcon_core.shell:Creating package script '/workspace/install/openslam_gmapping/share/openslam_gmapping/package.zsh'
[1.697s] Level 1:colcon.colcon_core.environment:create_file_with_runtime_dependencies(/workspace/install/openslam_gmapping/share/colcon-core/packages/openslam_gmapping)
[1.967s] DEBUG:colcon.colcon_parallel_executor.executor.parallel:closing loop
[1.967s] DEBUG:colcon.colcon_parallel_executor.executor.parallel:loop closed
[1.967s] DEBUG:colcon.colcon_parallel_executor.executor.parallel:run_until_complete finished with '1'
[1.968s] DEBUG:colcon.colcon_core.event_reactor:joining thread
[1.975s] INFO:colcon.colcon_core.plugin_system:Skipping extension 'colcon_notification.desktop_notification.notify_send': Could not find 'notify-send'
[1.975s] INFO:colcon.colcon_core.plugin_system:Skipping extension 'colcon_notification.desktop_notification.terminal_notifier': Not used on non-Darwin systems
[1.975s] INFO:colcon.colcon_core.plugin_system:Skipping extension 'colcon_notification.desktop_notification.win32': Not used on non-Windows systems
[1.976s] INFO:colcon.colcon_notification.desktop_notification:Sending desktop notification using 'notify2'
[1.982s] DEBUG:colcon.colcon_notification.desktop_notification.notify2:Failed to initialize notify2: org.freedesktop.DBus.Error.Spawn.ExecFailed: /usr/bin/dbus-launch terminated abnormally without any error message
[1.983s] DEBUG:colcon.colcon_core.event_reactor:joined thread
[1.987s] INFO:colcon.colcon_core.shell:Creating prefix script '/workspace/install/local_setup.ps1'
[1.989s] INFO:colcon.colcon_core.shell:Creating prefix util module '/workspace/install/_local_setup_util_ps1.py'
[1.992s] INFO:colcon.colcon_core.shell:Creating prefix chain script '/workspace/install/setup.ps1'
[1.994s] INFO:colcon.colcon_core.shell:Creating prefix script '/workspace/install/local_setup.sh'
[1.995s] INFO:colcon.colcon_core.shell:Creating prefix util module '/workspace/install/_local_setup_util_sh.py'
[1.996s] INFO:colcon.colcon_core.shell:Creating prefix chain script '/workspace/install/setup.sh'
[1.998s] INFO:colcon.colcon_core.shell:Creating prefix script '/workspace/install/local_setup.bash'
[1.998s] INFO:colcon.colcon_core.shell:Creating prefix chain script '/workspace/install/setup.bash'
[2.000s] INFO:colcon.colcon_core.shell:Creating prefix script '/workspace/install/local_setup.zsh'
[2.001s] INFO:colcon.colcon_core.shell:Creating prefix chain script '/workspace/install/setup.zsh'
