[0.902s] Invoking command in '/workspace/build/star': PYTHONPATH=/workspace/build/star/prefix_override:/workspace/install/star/lib/python3.10/site-packages:${PYTHONPATH} /usr/bin/python3 setup.py develop --editable --build-directory /workspace/build/star/build --no-deps install_data
[1.207s] running develop
[1.207s] /usr/lib/python3/dist-packages/setuptools/command/easy_install.py:158: EasyInstallDeprecationWarning: easy_install command is deprecated. Use build and pip and other standards-based tools.
[1.208s]   warnings.warn(
[1.210s] /usr/lib/python3/dist-packages/setuptools/command/install.py:34: SetuptoolsDeprecationWarning: setup.py install is deprecated. Use build and pip and other standards-based tools.
[1.210s]   warnings.warn(
[1.385s] running egg_info
[1.385s] writing star.egg-info/PKG-INFO
[1.385s] writing dependency_links to star.egg-info/dependency_links.txt
[1.385s] writing entry points to star.egg-info/entry_points.txt
[1.386s] writing requirements to star.egg-info/requires.txt
[1.386s] writing top-level names to star.egg-info/top_level.txt
[1.388s] reading manifest file 'star.egg-info/SOURCES.txt'
[1.389s] writing manifest file 'star.egg-info/SOURCES.txt'
[1.391s] running build_ext
[1.391s] Creating /workspace/install/star/lib/python3.10/site-packages/star.egg-link (link to .)
[1.392s] Installing navigation script to /workspace/install/star/lib/star
[1.392s] Installing qr_decoder script to /workspace/install/star/lib/star
[1.393s] 
[1.393s] Installed /workspace/build/star
[1.393s] running install_data
[1.393s] copying launch/launch_all.launch.py -> /workspace/install/star/share/star/launch
[1.447s] Invoked command in '/workspace/build/star' returned '0': PYTHONPATH=/workspace/build/star/prefix_override:/workspace/install/star/lib/python3.10/site-packages:${PYTHONPATH} /usr/bin/python3 setup.py develop --editable --build-directory /workspace/build/star/build --no-deps install_data
