[0.915s] Invoking command in '/workspace/src/star': PYTHONPATH=/workspace/build/star/prefix_override:/workspace/install/star/lib/python3.10/site-packages:${PYTHONPATH} /usr/bin/python3 setup.py egg_info --egg-base ../../build/star build --build-base /workspace/build/star/build install --record /workspace/build/star/install.log --single-version-externally-managed
[1.227s] running egg_info
[1.227s] writing ../../build/star/star.egg-info/PKG-INFO
[1.228s] writing dependency_links to ../../build/star/star.egg-info/dependency_links.txt
[1.228s] writing entry points to ../../build/star/star.egg-info/entry_points.txt
[1.228s] writing requirements to ../../build/star/star.egg-info/requires.txt
[1.228s] writing top-level names to ../../build/star/star.egg-info/top_level.txt
[1.231s] reading manifest file '../../build/star/star.egg-info/SOURCES.txt'
[1.232s] writing manifest file '../../build/star/star.egg-info/SOURCES.txt'
[1.232s] running build
[1.232s] running build_py
[1.233s] running install
[1.233s] /usr/lib/python3/dist-packages/setuptools/command/install.py:34: SetuptoolsDeprecationWarning: setup.py install is deprecated. Use build and pip and other standards-based tools.
[1.233s]   warnings.warn(
[1.234s] running install_lib
[1.236s] running install_data
[1.236s] running install_egg_info
[1.239s] removing '/workspace/install/star/lib/python3.10/site-packages/star-0.0.0-py3.10.egg-info' (and everything under it)
[1.239s] Copying ../../build/star/star.egg-info to /workspace/install/star/lib/python3.10/site-packages/star-0.0.0-py3.10.egg-info
[1.241s] running install_scripts
[1.271s] writing list of installed files to '/workspace/build/star/install.log'
