[0.342s] DEBUG:colcon:Command line arguments: ['/usr/bin/colcon', 'build', '--symlink-install']
[0.343s] DEBUG:colcon:Parsed command line arguments: Namespace(log_base=None, log_level=None, verb_name='build', build_base='build', install_base='install', merge_install=False, symlink_install=True, test_result_base=None, continue_on_error=False, executor='parallel', parallel_workers=8, event_handlers=None, ignore_user_meta=False, metas=['./colcon.meta'], base_paths=['.'], packages_ignore=None, packages_ignore_regex=None, paths=None, packages_up_to=None, packages_up_to_regex=None, packages_above=None, packages_above_and_dependencies=None, packages_above_depth=None, packages_select_by_dep=None, packages_skip_by_dep=None, packages_skip_up_to=None, packages_select_build_failed=False, packages_skip_build_finished=False, packages_select_test_failures=False, packages_skip_test_passed=False, packages_select=None, packages_skip=None, packages_select_regex=None, packages_skip_regex=None, packages_start=None, packages_end=None, allow_overriding=[], cmake_args=None, cmake_target=None, cmake_target_skip_unavailable=False, cmake_clean_cache=False, cmake_clean_first=False, cmake_force_configure=False, ament_cmake_args=None, catkin_cmake_args=None, catkin_skip_building_tests=False, verb_parser=<colcon_defaults.argument_parser.defaults.DefaultArgumentsDecorator object at 0x7e430f0b3df0>, verb_extension=<colcon_core.verb.build.BuildVerb object at 0x7e430f90d600>, main=<bound method BuildVerb.main of <colcon_core.verb.build.BuildVerb object at 0x7e430f90d600>>)
[0.383s] Level 1:colcon.colcon_core.package_discovery:discover_packages(colcon_meta) check parameters
[0.383s] Level 1:colcon.colcon_core.package_discovery:discover_packages(recursive) check parameters
[0.383s] Level 1:colcon.colcon_core.package_discovery:discover_packages(ignore) check parameters
[0.383s] Level 1:colcon.colcon_core.package_discovery:discover_packages(path) check parameters
[0.383s] Level 1:colcon.colcon_core.package_discovery:discover_packages(colcon_meta) discover
[0.383s] Level 1:colcon.colcon_core.package_discovery:discover_packages(recursive) discover
[0.383s] INFO:colcon.colcon_core.package_discovery:Crawling recursively for packages in '/workspace'
[0.383s] Level 1:colcon.colcon_core.package_identification:_identify(.) by extensions ['ignore', 'ignore_ament_install']
[0.383s] Level 1:colcon.colcon_core.package_identification:_identify(.) by extension 'ignore'
[0.383s] Level 1:colcon.colcon_core.package_identification:_identify(.) by extension 'ignore_ament_install'
[0.383s] Level 1:colcon.colcon_core.package_identification:_identify(.) by extensions ['colcon_pkg']
[0.383s] Level 1:colcon.colcon_core.package_identification:_identify(.) by extension 'colcon_pkg'
[0.383s] Level 1:colcon.colcon_core.package_identification:_identify(.) by extensions ['colcon_meta']
[0.383s] Level 1:colcon.colcon_core.package_identification:_identify(.) by extension 'colcon_meta'
[0.384s] Level 1:colcon.colcon_core.package_identification:_identify(.) by extensions ['ros']
[0.384s] Level 1:colcon.colcon_core.package_identification:_identify(.) by extension 'ros'
[0.397s] Level 1:colcon.colcon_core.package_identification:_identify(.) by extensions ['cmake', 'python']
[0.397s] Level 1:colcon.colcon_core.package_identification:_identify(.) by extension 'cmake'
[0.397s] Level 1:colcon.colcon_core.package_identification:_identify(.) by extension 'python'
[0.397s] Level 1:colcon.colcon_core.package_identification:_identify(.) by extensions ['python_setup_py']
[0.397s] Level 1:colcon.colcon_core.package_identification:_identify(.) by extension 'python_setup_py'
[0.397s] Level 1:colcon.colcon_core.package_identification:_identify(build) by extensions ['ignore', 'ignore_ament_install']
[0.398s] Level 1:colcon.colcon_core.package_identification:_identify(build) by extension 'ignore'
[0.398s] Level 1:colcon.colcon_core.package_identification:_identify(build) ignored
[0.398s] Level 1:colcon.colcon_core.package_identification:_identify(install) by extensions ['ignore', 'ignore_ament_install']
[0.398s] Level 1:colcon.colcon_core.package_identification:_identify(install) by extension 'ignore'
[0.398s] Level 1:colcon.colcon_core.package_identification:_identify(install) ignored
[0.398s] Level 1:colcon.colcon_core.package_identification:_identify(log) by extensions ['ignore', 'ignore_ament_install']
[0.398s] Level 1:colcon.colcon_core.package_identification:_identify(log) by extension 'ignore'
[0.398s] Level 1:colcon.colcon_core.package_identification:_identify(log) ignored
[0.398s] Level 1:colcon.colcon_core.package_identification:_identify(src) by extensions ['ignore', 'ignore_ament_install']
[0.398s] Level 1:colcon.colcon_core.package_identification:_identify(src) by extension 'ignore'
[0.398s] Level 1:colcon.colcon_core.package_identification:_identify(src) by extension 'ignore_ament_install'
[0.398s] Level 1:colcon.colcon_core.package_identification:_identify(src) by extensions ['colcon_pkg']
[0.398s] Level 1:colcon.colcon_core.package_identification:_identify(src) by extension 'colcon_pkg'
[0.398s] Level 1:colcon.colcon_core.package_identification:_identify(src) by extensions ['colcon_meta']
[0.399s] Level 1:colcon.colcon_core.package_identification:_identify(src) by extension 'colcon_meta'
[0.399s] Level 1:colcon.colcon_core.package_identification:_identify(src) by extensions ['ros']
[0.399s] Level 1:colcon.colcon_core.package_identification:_identify(src) by extension 'ros'
[0.399s] Level 1:colcon.colcon_core.package_identification:_identify(src) by extensions ['cmake', 'python']
[0.399s] Level 1:colcon.colcon_core.package_identification:_identify(src) by extension 'cmake'
[0.399s] Level 1:colcon.colcon_core.package_identification:_identify(src) by extension 'python'
[0.399s] Level 1:colcon.colcon_core.package_identification:_identify(src) by extensions ['python_setup_py']
[0.399s] Level 1:colcon.colcon_core.package_identification:_identify(src) by extension 'python_setup_py'
[0.399s] Level 1:colcon.colcon_core.package_identification:_identify(src/star) by extensions ['ignore', 'ignore_ament_install']
[0.399s] Level 1:colcon.colcon_core.package_identification:_identify(src/star) by extension 'ignore'
[0.399s] Level 1:colcon.colcon_core.package_identification:_identify(src/star) by extension 'ignore_ament_install'
[0.399s] Level 1:colcon.colcon_core.package_identification:_identify(src/star) by extensions ['colcon_pkg']
[0.399s] Level 1:colcon.colcon_core.package_identification:_identify(src/star) by extension 'colcon_pkg'
[0.399s] Level 1:colcon.colcon_core.package_identification:_identify(src/star) by extensions ['colcon_meta']
[0.399s] Level 1:colcon.colcon_core.package_identification:_identify(src/star) by extension 'colcon_meta'
[0.399s] Level 1:colcon.colcon_core.package_identification:_identify(src/star) by extensions ['ros']
[0.399s] Level 1:colcon.colcon_core.package_identification:_identify(src/star) by extension 'ros'
[0.403s] DEBUG:colcon.colcon_core.package_identification:Package 'src/star' with type 'ros.ament_python' and name 'star'
[0.403s] Level 1:colcon.colcon_core.package_identification:_identify(src/survey) by extensions ['ignore', 'ignore_ament_install']
[0.403s] Level 1:colcon.colcon_core.package_identification:_identify(src/survey) by extension 'ignore'
[0.403s] Level 1:colcon.colcon_core.package_identification:_identify(src/survey) by extension 'ignore_ament_install'
[0.403s] Level 1:colcon.colcon_core.package_identification:_identify(src/survey) by extensions ['colcon_pkg']
[0.403s] Level 1:colcon.colcon_core.package_identification:_identify(src/survey) by extension 'colcon_pkg'
[0.403s] Level 1:colcon.colcon_core.package_identification:_identify(src/survey) by extensions ['colcon_meta']
[0.403s] Level 1:colcon.colcon_core.package_identification:_identify(src/survey) by extension 'colcon_meta'
[0.404s] Level 1:colcon.colcon_core.package_identification:_identify(src/survey) by extensions ['ros']
[0.404s] Level 1:colcon.colcon_core.package_identification:_identify(src/survey) by extension 'ros'
[0.404s] DEBUG:colcon.colcon_core.package_identification:Package 'src/survey' with type 'ros.ament_cmake' and name 'survey'
[0.404s] Level 1:colcon.colcon_core.package_discovery:discover_packages(recursive) using defaults
[0.404s] Level 1:colcon.colcon_core.package_discovery:discover_packages(ignore) discover
[0.404s] Level 1:colcon.colcon_core.package_discovery:discover_packages(ignore) using defaults
[0.404s] Level 1:colcon.colcon_core.package_discovery:discover_packages(path) discover
[0.405s] Level 1:colcon.colcon_core.package_discovery:discover_packages(path) using defaults
[0.430s] Level 1:colcon.colcon_core.package_discovery:discover_packages(prefix_path) check parameters
[0.430s] Level 1:colcon.colcon_core.package_discovery:discover_packages(prefix_path) discover
[0.433s] DEBUG:colcon.colcon_installed_package_information.package_discovery:Found 3 installed packages in /workspace/install
[0.436s] DEBUG:colcon.colcon_installed_package_information.package_discovery:Found 324 installed packages in /opt/ros/humble
[0.439s] Level 1:colcon.colcon_core.package_discovery:discover_packages(prefix_path) using defaults
[0.515s] Level 5:colcon.colcon_core.verb:set package 'star' build argument 'cmake_args' from command line to 'None'
[0.515s] Level 5:colcon.colcon_core.verb:set package 'star' build argument 'cmake_target' from command line to 'None'
[0.515s] Level 5:colcon.colcon_core.verb:set package 'star' build argument 'cmake_target_skip_unavailable' from command line to 'False'
[0.515s] Level 5:colcon.colcon_core.verb:set package 'star' build argument 'cmake_clean_cache' from command line to 'False'
[0.515s] Level 5:colcon.colcon_core.verb:set package 'star' build argument 'cmake_clean_first' from command line to 'False'
[0.515s] Level 5:colcon.colcon_core.verb:set package 'star' build argument 'cmake_force_configure' from command line to 'False'
[0.515s] Level 5:colcon.colcon_core.verb:set package 'star' build argument 'ament_cmake_args' from command line to 'None'
[0.515s] Level 5:colcon.colcon_core.verb:set package 'star' build argument 'catkin_cmake_args' from command line to 'None'
[0.515s] Level 5:colcon.colcon_core.verb:set package 'star' build argument 'catkin_skip_building_tests' from command line to 'False'
[0.515s] DEBUG:colcon.colcon_core.verb:Building package 'star' with the following arguments: {'ament_cmake_args': None, 'build_base': '/workspace/build/star', 'catkin_cmake_args': None, 'catkin_skip_building_tests': False, 'cmake_args': None, 'cmake_clean_cache': False, 'cmake_clean_first': False, 'cmake_force_configure': False, 'cmake_target': None, 'cmake_target_skip_unavailable': False, 'install_base': '/workspace/install/star', 'merge_install': False, 'path': '/workspace/src/star', 'symlink_install': True, 'test_result_base': None}
[0.516s] Level 5:colcon.colcon_core.verb:set package 'survey' build argument 'cmake_args' from command line to 'None'
[0.516s] Level 5:colcon.colcon_core.verb:set package 'survey' build argument 'cmake_target' from command line to 'None'
[0.516s] Level 5:colcon.colcon_core.verb:set package 'survey' build argument 'cmake_target_skip_unavailable' from command line to 'False'
[0.517s] Level 5:colcon.colcon_core.verb:set package 'survey' build argument 'cmake_clean_cache' from command line to 'False'
[0.517s] Level 5:colcon.colcon_core.verb:set package 'survey' build argument 'cmake_clean_first' from command line to 'False'
[0.517s] Level 5:colcon.colcon_core.verb:set package 'survey' build argument 'cmake_force_configure' from command line to 'False'
[0.517s] Level 5:colcon.colcon_core.verb:set package 'survey' build argument 'ament_cmake_args' from command line to 'None'
[0.517s] Level 5:colcon.colcon_core.verb:set package 'survey' build argument 'catkin_cmake_args' from command line to 'None'
[0.517s] Level 5:colcon.colcon_core.verb:set package 'survey' build argument 'catkin_skip_building_tests' from command line to 'False'
[0.517s] DEBUG:colcon.colcon_core.verb:Building package 'survey' with the following arguments: {'ament_cmake_args': None, 'build_base': '/workspace/build/survey', 'catkin_cmake_args': None, 'catkin_skip_building_tests': False, 'cmake_args': None, 'cmake_clean_cache': False, 'cmake_clean_first': False, 'cmake_force_configure': False, 'cmake_target': None, 'cmake_target_skip_unavailable': False, 'install_base': '/workspace/install/survey', 'merge_install': False, 'path': '/workspace/src/survey', 'symlink_install': True, 'test_result_base': None}
[0.517s] INFO:colcon.colcon_core.executor:Executing jobs using 'parallel' executor
[0.521s] DEBUG:colcon.colcon_parallel_executor.executor.parallel:run_until_complete
[0.522s] INFO:colcon.colcon_ros.task.ament_python.build:Building ROS package in '/workspace/src/star' with build type 'ament_python'
[0.522s] Level 1:colcon.colcon_core.shell:create_environment_hook('star', 'ament_prefix_path')
[0.527s] INFO:colcon.colcon_core.plugin_system:Skipping extension 'colcon_core.shell.bat': Not used on non-Windows systems
[0.528s] INFO:colcon.colcon_core.shell:Creating environment hook '/workspace/install/star/share/star/hook/ament_prefix_path.ps1'
[0.529s] INFO:colcon.colcon_core.shell:Creating environment descriptor '/workspace/install/star/share/star/hook/ament_prefix_path.dsv'
[0.529s] INFO:colcon.colcon_core.shell:Creating environment hook '/workspace/install/star/share/star/hook/ament_prefix_path.sh'
[0.532s] INFO:colcon.colcon_core.shell:Skip shell extension 'powershell' for command environment: Not usable outside of PowerShell
[0.532s] DEBUG:colcon.colcon_core.shell:Skip shell extension 'dsv' for command environment
[0.539s] INFO:colcon.colcon_ros.task.ament_cmake.build:Building ROS package in '/workspace/src/survey' with build type 'ament_cmake'
[0.540s] INFO:colcon.colcon_cmake.task.cmake.build:Building CMake package in '/workspace/src/survey'
[0.542s] INFO:colcon.colcon_core.shell:Skip shell extension 'powershell' for command environment: Not usable outside of PowerShell
[0.542s] DEBUG:colcon.colcon_core.shell:Skip shell extension 'dsv' for command environment
[0.862s] WARNING:colcon.colcon_ros.task.ament_python.build:Package 'star' doesn't explicitly install a marker in the package index (colcon-ros currently does it implicitly but that fallback will be removed in the future)
[0.863s] INFO:colcon.colcon_core.task.python.build:Building Python package in '/workspace/src/star'
[0.864s] INFO:colcon.colcon_core.shell:Skip shell extension 'powershell' for command environment: Not usable outside of PowerShell
[0.864s] DEBUG:colcon.colcon_core.shell:Skip shell extension 'dsv' for command environment
[0.877s] DEBUG:colcon.colcon_core.event_handler.log_command:Invoking command in '/workspace/build/survey': CMAKE_PREFIX_PATH=${CMAKE_PREFIX_PATH}:/workspace/install/star:/opt/ros/humble /usr/bin/cmake --build /workspace/build/survey -- -j8 -l8
[0.950s] DEBUG:colcon.colcon_core.event_handler.log_command:Invoked command in '/workspace/build/survey' returned '0': CMAKE_PREFIX_PATH=${CMAKE_PREFIX_PATH}:/workspace/install/star:/opt/ros/humble /usr/bin/cmake --build /workspace/build/survey -- -j8 -l8
[1.031s] DEBUG:colcon.colcon_core.event_handler.log_command:Invoking command in '/workspace/build/survey': CMAKE_PREFIX_PATH=${CMAKE_PREFIX_PATH}:/workspace/install/star:/opt/ros/humble /usr/bin/cmake --install /workspace/build/survey
[1.067s] Level 1:colcon.colcon_core.environment:create_environment_scripts_only(survey)
[1.068s] DEBUG:colcon.colcon_core.event_handler.log_command:Invoked command in '/workspace/build/survey' returned '0': CMAKE_PREFIX_PATH=${CMAKE_PREFIX_PATH}:/workspace/install/star:/opt/ros/humble /usr/bin/cmake --install /workspace/build/survey
[1.074s] Level 1:colcon.colcon_core.environment:checking '/workspace/install/survey' for CMake module files
[1.075s] Level 1:colcon.colcon_core.environment:checking '/workspace/install/survey' for CMake config files
[1.075s] Level 1:colcon.colcon_core.shell:create_environment_hook('survey', 'cmake_prefix_path')
[1.077s] INFO:colcon.colcon_core.shell:Creating environment hook '/workspace/install/survey/share/survey/hook/cmake_prefix_path.ps1'
[1.077s] INFO:colcon.colcon_core.shell:Creating environment descriptor '/workspace/install/survey/share/survey/hook/cmake_prefix_path.dsv'
[1.078s] INFO:colcon.colcon_core.shell:Creating environment hook '/workspace/install/survey/share/survey/hook/cmake_prefix_path.sh'
[1.079s] Level 1:colcon.colcon_core.environment:checking '/workspace/install/survey/bin'
[1.079s] Level 1:colcon.colcon_core.environment:checking '/workspace/install/survey/lib/pkgconfig/survey.pc'
[1.079s] Level 1:colcon.colcon_core.environment:checking '/workspace/install/survey/lib/python3.10/site-packages'
[1.079s] Level 1:colcon.colcon_core.environment:checking '/workspace/install/survey/bin'
[1.081s] INFO:colcon.colcon_core.shell:Creating package script '/workspace/install/survey/share/survey/package.ps1'
[1.082s] INFO:colcon.colcon_core.shell:Creating package descriptor '/workspace/install/survey/share/survey/package.dsv'
[1.083s] INFO:colcon.colcon_core.shell:Creating package script '/workspace/install/survey/share/survey/package.sh'
[1.085s] INFO:colcon.colcon_core.shell:Creating package script '/workspace/install/survey/share/survey/package.bash'
[1.086s] INFO:colcon.colcon_core.shell:Creating package script '/workspace/install/survey/share/survey/package.zsh'
[1.087s] Level 1:colcon.colcon_core.environment:create_file_with_runtime_dependencies(/workspace/install/survey/share/colcon-core/packages/survey)
[1.118s] Level 1:colcon.colcon_core.environment:create_environment_scripts_only(survey)
[1.121s] Level 1:colcon.colcon_core.environment:checking '/workspace/install/survey' for CMake module files
[1.122s] Level 1:colcon.colcon_core.environment:checking '/workspace/install/survey' for CMake config files
[1.122s] Level 1:colcon.colcon_core.shell:create_environment_hook('survey', 'cmake_prefix_path')
[1.123s] INFO:colcon.colcon_core.shell:Creating environment hook '/workspace/install/survey/share/survey/hook/cmake_prefix_path.ps1'
[1.124s] INFO:colcon.colcon_core.shell:Creating environment descriptor '/workspace/install/survey/share/survey/hook/cmake_prefix_path.dsv'
[1.125s] INFO:colcon.colcon_core.shell:Creating environment hook '/workspace/install/survey/share/survey/hook/cmake_prefix_path.sh'
[1.125s] Level 1:colcon.colcon_core.environment:checking '/workspace/install/survey/bin'
[1.125s] Level 1:colcon.colcon_core.environment:checking '/workspace/install/survey/lib/pkgconfig/survey.pc'
[1.126s] Level 1:colcon.colcon_core.environment:checking '/workspace/install/survey/lib/python3.10/site-packages'
[1.126s] Level 1:colcon.colcon_core.environment:checking '/workspace/install/survey/bin'
[1.127s] INFO:colcon.colcon_core.shell:Creating package script '/workspace/install/survey/share/survey/package.ps1'
[1.128s] INFO:colcon.colcon_core.shell:Creating package descriptor '/workspace/install/survey/share/survey/package.dsv'
[1.129s] INFO:colcon.colcon_core.shell:Creating package script '/workspace/install/survey/share/survey/package.sh'
[1.129s] INFO:colcon.colcon_core.shell:Creating package script '/workspace/install/survey/share/survey/package.bash'
[1.130s] INFO:colcon.colcon_core.shell:Creating package script '/workspace/install/survey/share/survey/package.zsh'
[1.131s] Level 1:colcon.colcon_core.environment:create_file_with_runtime_dependencies(/workspace/install/survey/share/colcon-core/packages/survey)
[1.320s] DEBUG:colcon.colcon_core.event_handler.log_command:Invoking command in '/workspace/build/star': PYTHONPATH=/workspace/build/star/prefix_override:/workspace/install/star/lib/python3.10/site-packages:${PYTHONPATH} /usr/bin/python3 setup.py develop --editable --build-directory /workspace/build/star/build --no-deps install_data
[1.817s] Level 1:colcon.colcon_core.shell:create_environment_hook('star', 'pythonpath_develop')
[1.820s] INFO:colcon.colcon_core.shell:Creating environment hook '/workspace/build/star/share/star/hook/pythonpath_develop.ps1'
[1.820s] DEBUG:colcon.colcon_core.event_handler.log_command:Invoked command in '/workspace/build/star' returned '0': PYTHONPATH=/workspace/build/star/prefix_override:/workspace/install/star/lib/python3.10/site-packages:${PYTHONPATH} /usr/bin/python3 setup.py develop --editable --build-directory /workspace/build/star/build --no-deps install_data
[1.821s] INFO:colcon.colcon_core.shell:Creating environment descriptor '/workspace/build/star/share/star/hook/pythonpath_develop.dsv'
[1.822s] INFO:colcon.colcon_core.shell:Creating environment hook '/workspace/build/star/share/star/hook/pythonpath_develop.sh'
[1.827s] Level 1:colcon.colcon_core.environment:checking '/workspace/install/star' for CMake module files
[1.829s] Level 1:colcon.colcon_core.environment:checking '/workspace/install/star' for CMake config files
[1.830s] Level 1:colcon.colcon_core.environment:checking '/workspace/install/star/lib'
[1.831s] Level 1:colcon.colcon_core.environment:checking '/workspace/install/star/bin'
[1.831s] Level 1:colcon.colcon_core.environment:checking '/workspace/install/star/lib/pkgconfig/star.pc'
[1.832s] Level 1:colcon.colcon_core.environment:checking '/workspace/install/star/lib/python3.10/site-packages'
[1.832s] Level 1:colcon.colcon_core.shell:create_environment_hook('star', 'pythonpath')
[1.836s] INFO:colcon.colcon_core.shell:Creating environment hook '/workspace/install/star/share/star/hook/pythonpath.ps1'
[1.838s] INFO:colcon.colcon_core.shell:Creating environment descriptor '/workspace/install/star/share/star/hook/pythonpath.dsv'
[1.839s] INFO:colcon.colcon_core.shell:Creating environment hook '/workspace/install/star/share/star/hook/pythonpath.sh'
[1.842s] Level 1:colcon.colcon_core.environment:checking '/workspace/install/star/bin'
[1.842s] Level 1:colcon.colcon_core.environment:create_environment_scripts_only(star)
[1.845s] INFO:colcon.colcon_core.shell:Creating package script '/workspace/install/star/share/star/package.ps1'
[1.847s] INFO:colcon.colcon_core.shell:Creating package descriptor '/workspace/install/star/share/star/package.dsv'
[1.848s] INFO:colcon.colcon_core.shell:Creating package script '/workspace/install/star/share/star/package.sh'
[1.849s] INFO:colcon.colcon_core.shell:Creating package script '/workspace/install/star/share/star/package.bash'
[1.850s] INFO:colcon.colcon_core.shell:Creating package script '/workspace/install/star/share/star/package.zsh'
[1.851s] Level 1:colcon.colcon_core.environment:create_file_with_runtime_dependencies(/workspace/install/star/share/colcon-core/packages/star)
[1.851s] DEBUG:colcon.colcon_parallel_executor.executor.parallel:closing loop
[1.852s] DEBUG:colcon.colcon_parallel_executor.executor.parallel:loop closed
[1.853s] DEBUG:colcon.colcon_parallel_executor.executor.parallel:run_until_complete finished with '0'
[1.853s] DEBUG:colcon.colcon_core.event_reactor:joining thread
[1.862s] INFO:colcon.colcon_core.plugin_system:Skipping extension 'colcon_notification.desktop_notification.notify_send': Could not find 'notify-send'
[1.862s] INFO:colcon.colcon_core.plugin_system:Skipping extension 'colcon_notification.desktop_notification.terminal_notifier': Not used on non-Darwin systems
[1.862s] INFO:colcon.colcon_core.plugin_system:Skipping extension 'colcon_notification.desktop_notification.win32': Not used on non-Windows systems
[1.862s] INFO:colcon.colcon_notification.desktop_notification:Sending desktop notification using 'notify2'
[1.868s] DEBUG:colcon.colcon_notification.desktop_notification.notify2:Failed to initialize notify2: org.freedesktop.DBus.Error.Spawn.ExecFailed: /usr/bin/dbus-launch terminated abnormally without any error message
[1.868s] DEBUG:colcon.colcon_core.event_reactor:joined thread
[1.873s] INFO:colcon.colcon_core.shell:Creating prefix script '/workspace/install/local_setup.ps1'
[1.876s] INFO:colcon.colcon_core.shell:Creating prefix util module '/workspace/install/_local_setup_util_ps1.py'
[1.881s] INFO:colcon.colcon_core.shell:Creating prefix chain script '/workspace/install/setup.ps1'
[1.886s] INFO:colcon.colcon_core.shell:Creating prefix script '/workspace/install/local_setup.sh'
[1.888s] INFO:colcon.colcon_core.shell:Creating prefix util module '/workspace/install/_local_setup_util_sh.py'
[1.890s] INFO:colcon.colcon_core.shell:Creating prefix chain script '/workspace/install/setup.sh'
[1.893s] INFO:colcon.colcon_core.shell:Creating prefix script '/workspace/install/local_setup.bash'
[1.894s] INFO:colcon.colcon_core.shell:Creating prefix chain script '/workspace/install/setup.bash'
[1.896s] INFO:colcon.colcon_core.shell:Creating prefix script '/workspace/install/local_setup.zsh'
[1.896s] INFO:colcon.colcon_core.shell:Creating prefix chain script '/workspace/install/setup.zsh'
