[0.850s] Invoking command in '/workspace/build/star': PYTHONPATH=/workspace/build/star/prefix_override:/workspace/install/star/lib/python3.10/site-packages:${PYTHONPATH} /usr/bin/python3 setup.py develop --editable --build-directory /workspace/build/star/build --no-deps install_data
[1.175s] running develop
[1.177s] /usr/lib/python3/dist-packages/setuptools/command/easy_install.py:158: EasyInstallDeprecationWarning: easy_install command is deprecated. Use build and pip and other standards-based tools.
[1.177s]   warnings.warn(
[1.179s] /usr/lib/python3/dist-packages/setuptools/command/install.py:34: SetuptoolsDeprecationWarning: setup.py install is deprecated. Use build and pip and other standards-based tools.
[1.180s]   warnings.warn(
[1.365s] running egg_info
[1.365s] writing star.egg-info/PKG-INFO
[1.365s] writing dependency_links to star.egg-info/dependency_links.txt
[1.365s] writing entry points to star.egg-info/entry_points.txt
[1.366s] writing requirements to star.egg-info/requires.txt
[1.366s] writing top-level names to star.egg-info/top_level.txt
[1.368s] reading manifest file 'star.egg-info/SOURCES.txt'
[1.369s] writing manifest file 'star.egg-info/SOURCES.txt'
[1.371s] running build_ext
[1.371s] Creating /workspace/install/star/lib/python3.10/site-packages/star.egg-link (link to .)
[1.373s] 
[1.373s] Installed /workspace/build/star
[1.373s] running install_data
[1.429s] Invoked command in '/workspace/build/star' returned '0': PYTHONPATH=/workspace/build/star/prefix_override:/workspace/install/star/lib/python3.10/site-packages:${PYTHONPATH} /usr/bin/python3 setup.py develop --editable --build-directory /workspace/build/star/build --no-deps install_data
