[0.767s] Invoking command in '/workspace/build/star': PYTHONPATH=/workspace/build/star/prefix_override:/workspace/install/star/lib/python3.10/site-packages:${PYTHONPATH} /usr/bin/python3 setup.py develop --editable --build-directory /workspace/build/star/build --no-deps install_data
[1.049s] running develop
[1.049s] /usr/lib/python3/dist-packages/setuptools/command/easy_install.py:158: EasyInstallDeprecationWarning: easy_install command is deprecated. Use build and pip and other standards-based tools.
[1.050s]   warnings.warn(
[1.051s] /usr/lib/python3/dist-packages/setuptools/command/install.py:34: SetuptoolsDeprecationWarning: setup.py install is deprecated. Use build and pip and other standards-based tools.
[1.051s]   warnings.warn(
[1.213s] running egg_info
[1.213s] writing star.egg-info/PKG-INFO
[1.213s] writing dependency_links to star.egg-info/dependency_links.txt
[1.213s] writing entry points to star.egg-info/entry_points.txt
[1.214s] writing requirements to star.egg-info/requires.txt
[1.214s] writing top-level names to star.egg-info/top_level.txt
[1.216s] reading manifest file 'star.egg-info/SOURCES.txt'
[1.217s] writing manifest file 'star.egg-info/SOURCES.txt'
[1.218s] running build_ext
[1.218s] Creating /workspace/install/star/lib/python3.10/site-packages/star.egg-link (link to .)
[1.219s] Installing navigation script to /workspace/install/star/lib/star
[1.220s] Installing qr_decoder script to /workspace/install/star/lib/star
[1.220s] 
[1.222s] Installed /workspace/build/star
[1.223s] running install_data
[1.223s] copying launch/launch_all.launch.py -> /workspace/install/star/share/star/launch
[1.269s] Invoked command in '/workspace/build/star' returned '0': PYTHONPATH=/workspace/build/star/prefix_override:/workspace/install/star/lib/python3.10/site-packages:${PYTHONPATH} /usr/bin/python3 setup.py develop --editable --build-directory /workspace/build/star/build --no-deps install_data
