[0.801s] Invoking command in '/workspace/build/star': PYTHONPATH=/workspace/build/star/prefix_override:/workspace/install/star/lib/python3.10/site-packages:${PYTHONPATH} /usr/bin/python3 setup.py develop --editable --build-directory /workspace/build/star/build --no-deps install_data
[1.128s] running develop
[1.129s] /usr/lib/python3/dist-packages/setuptools/command/easy_install.py:158: EasyInstallDeprecationWarning: easy_install command is deprecated. Use build and pip and other standards-based tools.
[1.129s]   warnings.warn(
[1.132s] /usr/lib/python3/dist-packages/setuptools/command/install.py:34: SetuptoolsDeprecationWarning: setup.py install is deprecated. Use build and pip and other standards-based tools.
[1.132s]   warnings.warn(
[1.309s] running egg_info
[1.310s] writing star.egg-info/PKG-INFO
[1.310s] writing dependency_links to star.egg-info/dependency_links.txt
[1.310s] writing entry points to star.egg-info/entry_points.txt
[1.311s] writing requirements to star.egg-info/requires.txt
[1.311s] writing top-level names to star.egg-info/top_level.txt
[1.315s] reading manifest file 'star.egg-info/SOURCES.txt'
[1.316s] writing manifest file 'star.egg-info/SOURCES.txt'
[1.319s] running build_ext
[1.319s] Creating /workspace/install/star/lib/python3.10/site-packages/star.egg-link (link to .)
[1.320s] Installing navigation script to /workspace/install/star/lib/star
[1.320s] Installing qr_decoder script to /workspace/install/star/lib/star
[1.321s] 
[1.321s] Installed /workspace/build/star
[1.321s] running install_data
[1.382s] Invoked command in '/workspace/build/star' returned '0': PYTHONPATH=/workspace/build/star/prefix_override:/workspace/install/star/lib/python3.10/site-packages:${PYTHONPATH} /usr/bin/python3 setup.py develop --editable --build-directory /workspace/build/star/build --no-deps install_data
