[0.767s] Invoking command in '/workspace/build/star': PYTHONPATH=/workspace/build/star/prefix_override:/workspace/install/star/lib/python3.10/site-packages:${PYTHONPATH} /usr/bin/python3 setup.py develop --editable --build-directory /workspace/build/star/build --no-deps install_data
[1.050s] running develop
[1.051s] /usr/lib/python3/dist-packages/setuptools/command/easy_install.py:158: EasyInstallDeprecationWarning: easy_install command is deprecated. Use build and pip and other standards-based tools.
[1.051s]   warnings.warn(
[1.052s] /usr/lib/python3/dist-packages/setuptools/command/install.py:34: SetuptoolsDeprecationWarning: setup.py install is deprecated. Use build and pip and other standards-based tools.
[1.052s]   warnings.warn(
[1.217s] running egg_info
[1.218s] writing star.egg-info/PKG-INFO
[1.218s] writing dependency_links to star.egg-info/dependency_links.txt
[1.218s] writing entry points to star.egg-info/entry_points.txt
[1.218s] writing requirements to star.egg-info/requires.txt
[1.219s] writing top-level names to star.egg-info/top_level.txt
[1.220s] reading manifest file 'star.egg-info/SOURCES.txt'
[1.221s] writing manifest file 'star.egg-info/SOURCES.txt'
[1.223s] running build_ext
[1.223s] Creating /workspace/install/star/lib/python3.10/site-packages/star.egg-link (link to .)
[1.225s] 
[1.225s] Installed /workspace/build/star
[1.225s] running install_data
[1.225s] error: can't copy 'resource/star': doesn't exist or not a regular file
[1.270s] Invoked command in '/workspace/build/star' returned '1': PYTHONPATH=/workspace/build/star/prefix_override:/workspace/install/star/lib/python3.10/site-packages:${PYTHONPATH} /usr/bin/python3 setup.py develop --editable --build-directory /workspace/build/star/build --no-deps install_data
