-- Install configuration: ""
-- Up-to-date: /workspace/install/survey/share/survey/models
-- Up-to-date: /workspace/install/survey/share/survey/models/bereg
-- Up-to-date: /workspace/install/survey/share/survey/models/bereg/model.config
-- Up-to-date: /workspace/install/survey/share/survey/models/bereg/wheel.dae
-- Up-to-date: /workspace/install/survey/share/survey/models/bereg/body.dae
-- Up-to-date: /workspace/install/survey/share/survey/models/bereg/textures
-- Up-to-date: /workspace/install/survey/share/survey/models/bereg/textures/stone_with_sand.jpg
-- Up-to-date: /workspace/install/survey/share/survey/models/bereg/model.sdf
-- Up-to-date: /workspace/install/survey/share/survey/models/ozyland
-- Up-to-date: /workspace/install/survey/share/survey/models/ozyland/ozyland.dae
-- Up-to-date: /workspace/install/survey/share/survey/models/ozyland/model.config
-- Up-to-date: /workspace/install/survey/share/survey/models/ozyland/textures
-- Up-to-date: /workspace/install/survey/share/survey/models/ozyland/textures/paneglif_8.png
-- Up-to-date: /workspace/install/survey/share/survey/models/ozyland/textures/paneglif_10.png
-- Up-to-date: /workspace/install/survey/share/survey/models/ozyland/textures/paneglif_1.png
-- Up-to-date: /workspace/install/survey/share/survey/models/ozyland/textures/paneglif_4.png
-- Up-to-date: /workspace/install/survey/share/survey/models/ozyland/textures/sand_2.jpg
-- Up-to-date: /workspace/install/survey/share/survey/models/ozyland/textures/paneglif_12.png
-- Up-to-date: /workspace/install/survey/share/survey/models/ozyland/textures/paneglif_15.png
-- Up-to-date: /workspace/install/survey/share/survey/models/ozyland/textures/paneglif_13.png
-- Up-to-date: /workspace/install/survey/share/survey/models/ozyland/textures/paneglif_9.png
-- Up-to-date: /workspace/install/survey/share/survey/models/ozyland/textures/paneglif_3.png
-- Up-to-date: /workspace/install/survey/share/survey/models/ozyland/textures/paneglif_5.png
-- Up-to-date: /workspace/install/survey/share/survey/models/ozyland/textures/paneglif_2.png
-- Up-to-date: /workspace/install/survey/share/survey/models/ozyland/textures/paneglif_6.png
-- Up-to-date: /workspace/install/survey/share/survey/models/ozyland/textures/paneglif_11.png
-- Up-to-date: /workspace/install/survey/share/survey/models/ozyland/textures/paneglif_7.png
-- Up-to-date: /workspace/install/survey/share/survey/models/ozyland/textures/paneglif_14.png
-- Up-to-date: /workspace/install/survey/share/survey/models/ozyland/textures/building_2.png
-- Up-to-date: /workspace/install/survey/share/survey/models/ozyland/model.sdf
-- Up-to-date: /workspace/install/survey/share/survey/launch
-- Up-to-date: /workspace/install/survey/share/survey/launch/ozyland.launch.py
-- Up-to-date: /workspace/install/survey/share/survey/worlds
-- Up-to-date: /workspace/install/survey/share/survey/worlds/ozyland.world
-- Up-to-date: /workspace/install/survey/share/ament_index/resource_index/package_run_dependencies/survey
-- Up-to-date: /workspace/install/survey/share/ament_index/resource_index/parent_prefix_path/survey
-- Up-to-date: /workspace/install/survey/share/survey/environment/ament_prefix_path.sh
-- Up-to-date: /workspace/install/survey/share/survey/environment/ament_prefix_path.dsv
-- Up-to-date: /workspace/install/survey/share/survey/environment/path.sh
-- Up-to-date: /workspace/install/survey/share/survey/environment/path.dsv
-- Up-to-date: /workspace/install/survey/share/survey/local_setup.bash
-- Up-to-date: /workspace/install/survey/share/survey/local_setup.sh
-- Up-to-date: /workspace/install/survey/share/survey/local_setup.zsh
-- Up-to-date: /workspace/install/survey/share/survey/local_setup.dsv
-- Up-to-date: /workspace/install/survey/share/survey/package.dsv
-- Up-to-date: /workspace/install/survey/share/ament_index/resource_index/packages/survey
-- Up-to-date: /workspace/install/survey/share/survey/cmake/surveyConfig.cmake
-- Up-to-date: /workspace/install/survey/share/survey/cmake/surveyConfig-version.cmake
-- Up-to-date: /workspace/install/survey/share/survey/package.xml
