[0.790s] Invoking command in '/workspace/build/star': PYTHONPATH=/workspace/build/star/prefix_override:/workspace/install/star/lib/python3.10/site-packages:${PYTHONPATH} /usr/bin/python3 setup.py develop --editable --build-directory /workspace/build/star/build --no-deps install_data
[1.088s] running develop
[1.089s] /usr/lib/python3/dist-packages/setuptools/command/easy_install.py:158: EasyInstallDeprecationWarning: easy_install command is deprecated. Use build and pip and other standards-based tools.
[1.089s]   warnings.warn(
[1.090s] /usr/lib/python3/dist-packages/setuptools/command/install.py:34: SetuptoolsDeprecationWarning: setup.py install is deprecated. Use build and pip and other standards-based tools.
[1.090s]   warnings.warn(
[1.251s] running egg_info
[1.252s] writing star.egg-info/PKG-INFO
[1.252s] writing dependency_links to star.egg-info/dependency_links.txt
[1.252s] writing entry points to star.egg-info/entry_points.txt
[1.252s] writing requirements to star.egg-info/requires.txt
[1.253s] writing top-level names to star.egg-info/top_level.txt
[1.254s] reading manifest file 'star.egg-info/SOURCES.txt'
[1.255s] writing manifest file 'star.egg-info/SOURCES.txt'
[1.257s] running build_ext
[1.257s] Creating /workspace/install/star/lib/python3.10/site-packages/star.egg-link (link to .)
[1.258s] 
[1.258s] Installed /workspace/build/star
[1.258s] running install_data
[1.258s] creating /workspace/install/star/share/star/launch
[1.258s] copying launch/launch_all.launch.py -> /workspace/install/star/share/star/launch
[1.302s] Invoked command in '/workspace/build/star' returned '0': PYTHONPATH=/workspace/build/star/prefix_override:/workspace/install/star/lib/python3.10/site-packages:${PYTHONPATH} /usr/bin/python3 setup.py develop --editable --build-directory /workspace/build/star/build --no-deps install_data
