[0.742s] DEBUG:colcon:Command line arguments: ['/usr/bin/colcon', 'build', '--symlink-install']
[0.742s] DEBUG:colcon:Parsed command line arguments: Namespace(log_base=None, log_level=None, verb_name='build', build_base='build', install_base='install', merge_install=False, symlink_install=True, test_result_base=None, continue_on_error=False, executor='parallel', parallel_workers=8, event_handlers=None, ignore_user_meta=False, metas=['./colcon.meta'], base_paths=['.'], packages_ignore=None, packages_ignore_regex=None, paths=None, packages_up_to=None, packages_up_to_regex=None, packages_above=None, packages_above_and_dependencies=None, packages_above_depth=None, packages_select_by_dep=None, packages_skip_by_dep=None, packages_skip_up_to=None, packages_select_build_failed=False, packages_skip_build_finished=False, packages_select_test_failures=False, packages_skip_test_passed=False, packages_select=None, packages_skip=None, packages_select_regex=None, packages_skip_regex=None, packages_start=None, packages_end=None, allow_overriding=[], cmake_args=None, cmake_target=None, cmake_target_skip_unavailable=False, cmake_clean_cache=False, cmake_clean_first=False, cmake_force_configure=False, ament_cmake_args=None, catkin_cmake_args=None, catkin_skip_building_tests=False, verb_parser=<colcon_defaults.argument_parser.defaults.DefaultArgumentsDecorator object at 0x768f6406bb20>, verb_extension=<colcon_core.verb.build.BuildVerb object at 0x768f648c9810>, main=<bound method BuildVerb.main of <colcon_core.verb.build.BuildVerb object at 0x768f648c9810>>)
[0.824s] Level 1:colcon.colcon_core.package_discovery:discover_packages(colcon_meta) check parameters
[0.824s] Level 1:colcon.colcon_core.package_discovery:discover_packages(recursive) check parameters
[0.824s] Level 1:colcon.colcon_core.package_discovery:discover_packages(ignore) check parameters
[0.824s] Level 1:colcon.colcon_core.package_discovery:discover_packages(path) check parameters
[0.824s] Level 1:colcon.colcon_core.package_discovery:discover_packages(colcon_meta) discover
[0.824s] Level 1:colcon.colcon_core.package_discovery:discover_packages(recursive) discover
[0.824s] INFO:colcon.colcon_core.package_discovery:Crawling recursively for packages in '/workspace'
[0.824s] Level 1:colcon.colcon_core.package_identification:_identify(.) by extensions ['ignore', 'ignore_ament_install']
[0.824s] Level 1:colcon.colcon_core.package_identification:_identify(.) by extension 'ignore'
[0.825s] Level 1:colcon.colcon_core.package_identification:_identify(.) by extension 'ignore_ament_install'
[0.825s] Level 1:colcon.colcon_core.package_identification:_identify(.) by extensions ['colcon_pkg']
[0.825s] Level 1:colcon.colcon_core.package_identification:_identify(.) by extension 'colcon_pkg'
[0.825s] Level 1:colcon.colcon_core.package_identification:_identify(.) by extensions ['colcon_meta']
[0.825s] Level 1:colcon.colcon_core.package_identification:_identify(.) by extension 'colcon_meta'
[0.825s] Level 1:colcon.colcon_core.package_identification:_identify(.) by extensions ['ros']
[0.825s] Level 1:colcon.colcon_core.package_identification:_identify(.) by extension 'ros'
[0.848s] Level 1:colcon.colcon_core.package_identification:_identify(.) by extensions ['cmake', 'python']
[0.848s] Level 1:colcon.colcon_core.package_identification:_identify(.) by extension 'cmake'
[0.848s] Level 1:colcon.colcon_core.package_identification:_identify(.) by extension 'python'
[0.848s] Level 1:colcon.colcon_core.package_identification:_identify(.) by extensions ['python_setup_py']
[0.848s] Level 1:colcon.colcon_core.package_identification:_identify(.) by extension 'python_setup_py'
[0.849s] Level 1:colcon.colcon_core.package_identification:_identify(build) by extensions ['ignore', 'ignore_ament_install']
[0.849s] Level 1:colcon.colcon_core.package_identification:_identify(build) by extension 'ignore'
[0.849s] Level 1:colcon.colcon_core.package_identification:_identify(build) ignored
[0.849s] Level 1:colcon.colcon_core.package_identification:_identify(install) by extensions ['ignore', 'ignore_ament_install']
[0.849s] Level 1:colcon.colcon_core.package_identification:_identify(install) by extension 'ignore'
[0.849s] Level 1:colcon.colcon_core.package_identification:_identify(install) ignored
[0.849s] Level 1:colcon.colcon_core.package_identification:_identify(log) by extensions ['ignore', 'ignore_ament_install']
[0.849s] Level 1:colcon.colcon_core.package_identification:_identify(log) by extension 'ignore'
[0.849s] Level 1:colcon.colcon_core.package_identification:_identify(log) ignored
[0.850s] Level 1:colcon.colcon_core.package_identification:_identify(src) by extensions ['ignore', 'ignore_ament_install']
[0.850s] Level 1:colcon.colcon_core.package_identification:_identify(src) by extension 'ignore'
[0.850s] Level 1:colcon.colcon_core.package_identification:_identify(src) by extension 'ignore_ament_install'
[0.850s] Level 1:colcon.colcon_core.package_identification:_identify(src) by extensions ['colcon_pkg']
[0.850s] Level 1:colcon.colcon_core.package_identification:_identify(src) by extension 'colcon_pkg'
[0.850s] Level 1:colcon.colcon_core.package_identification:_identify(src) by extensions ['colcon_meta']
[0.850s] Level 1:colcon.colcon_core.package_identification:_identify(src) by extension 'colcon_meta'
[0.850s] Level 1:colcon.colcon_core.package_identification:_identify(src) by extensions ['ros']
[0.850s] Level 1:colcon.colcon_core.package_identification:_identify(src) by extension 'ros'
[0.850s] Level 1:colcon.colcon_core.package_identification:_identify(src) by extensions ['cmake', 'python']
[0.850s] Level 1:colcon.colcon_core.package_identification:_identify(src) by extension 'cmake'
[0.850s] Level 1:colcon.colcon_core.package_identification:_identify(src) by extension 'python'
[0.850s] Level 1:colcon.colcon_core.package_identification:_identify(src) by extensions ['python_setup_py']
[0.850s] Level 1:colcon.colcon_core.package_identification:_identify(src) by extension 'python_setup_py'
[0.851s] Level 1:colcon.colcon_core.package_identification:_identify(src/star) by extensions ['ignore', 'ignore_ament_install']
[0.851s] Level 1:colcon.colcon_core.package_identification:_identify(src/star) by extension 'ignore'
[0.851s] Level 1:colcon.colcon_core.package_identification:_identify(src/star) by extension 'ignore_ament_install'
[0.851s] Level 1:colcon.colcon_core.package_identification:_identify(src/star) by extensions ['colcon_pkg']
[0.851s] Level 1:colcon.colcon_core.package_identification:_identify(src/star) by extension 'colcon_pkg'
[0.851s] Level 1:colcon.colcon_core.package_identification:_identify(src/star) by extensions ['colcon_meta']
[0.851s] Level 1:colcon.colcon_core.package_identification:_identify(src/star) by extension 'colcon_meta'
[0.851s] Level 1:colcon.colcon_core.package_identification:_identify(src/star) by extensions ['ros']
[0.851s] Level 1:colcon.colcon_core.package_identification:_identify(src/star) by extension 'ros'
[0.856s] DEBUG:colcon.colcon_core.package_identification:Package 'src/star' with type 'ros.ament_python' and name 'star'
[0.857s] Level 1:colcon.colcon_core.package_identification:_identify(src/survey) by extensions ['ignore', 'ignore_ament_install']
[0.857s] Level 1:colcon.colcon_core.package_identification:_identify(src/survey) by extension 'ignore'
[0.857s] Level 1:colcon.colcon_core.package_identification:_identify(src/survey) by extension 'ignore_ament_install'
[0.857s] Level 1:colcon.colcon_core.package_identification:_identify(src/survey) by extensions ['colcon_pkg']
[0.857s] Level 1:colcon.colcon_core.package_identification:_identify(src/survey) by extension 'colcon_pkg'
[0.857s] Level 1:colcon.colcon_core.package_identification:_identify(src/survey) by extensions ['colcon_meta']
[0.857s] Level 1:colcon.colcon_core.package_identification:_identify(src/survey) by extension 'colcon_meta'
[0.857s] Level 1:colcon.colcon_core.package_identification:_identify(src/survey) by extensions ['ros']
[0.857s] Level 1:colcon.colcon_core.package_identification:_identify(src/survey) by extension 'ros'
[0.858s] DEBUG:colcon.colcon_core.package_identification:Package 'src/survey' with type 'ros.ament_cmake' and name 'survey'
[0.858s] Level 1:colcon.colcon_core.package_discovery:discover_packages(recursive) using defaults
[0.858s] Level 1:colcon.colcon_core.package_discovery:discover_packages(ignore) discover
[0.858s] Level 1:colcon.colcon_core.package_discovery:discover_packages(ignore) using defaults
[0.858s] Level 1:colcon.colcon_core.package_discovery:discover_packages(path) discover
[0.858s] Level 1:colcon.colcon_core.package_discovery:discover_packages(path) using defaults
[0.907s] Level 1:colcon.colcon_core.package_discovery:discover_packages(prefix_path) check parameters
[0.907s] Level 1:colcon.colcon_core.package_discovery:discover_packages(prefix_path) discover
[0.912s] DEBUG:colcon.colcon_installed_package_information.package_discovery:Found 3 installed packages in /workspace/install
[0.915s] DEBUG:colcon.colcon_installed_package_information.package_discovery:Found 324 installed packages in /opt/ros/humble
[0.919s] Level 1:colcon.colcon_core.package_discovery:discover_packages(prefix_path) using defaults
[1.001s] Level 5:colcon.colcon_core.verb:set package 'star' build argument 'cmake_args' from command line to 'None'
[1.001s] Level 5:colcon.colcon_core.verb:set package 'star' build argument 'cmake_target' from command line to 'None'
[1.001s] Level 5:colcon.colcon_core.verb:set package 'star' build argument 'cmake_target_skip_unavailable' from command line to 'False'
[1.001s] Level 5:colcon.colcon_core.verb:set package 'star' build argument 'cmake_clean_cache' from command line to 'False'
[1.001s] Level 5:colcon.colcon_core.verb:set package 'star' build argument 'cmake_clean_first' from command line to 'False'
[1.001s] Level 5:colcon.colcon_core.verb:set package 'star' build argument 'cmake_force_configure' from command line to 'False'
[1.001s] Level 5:colcon.colcon_core.verb:set package 'star' build argument 'ament_cmake_args' from command line to 'None'
[1.001s] Level 5:colcon.colcon_core.verb:set package 'star' build argument 'catkin_cmake_args' from command line to 'None'
[1.001s] Level 5:colcon.colcon_core.verb:set package 'star' build argument 'catkin_skip_building_tests' from command line to 'False'
[1.001s] DEBUG:colcon.colcon_core.verb:Building package 'star' with the following arguments: {'ament_cmake_args': None, 'build_base': '/workspace/build/star', 'catkin_cmake_args': None, 'catkin_skip_building_tests': False, 'cmake_args': None, 'cmake_clean_cache': False, 'cmake_clean_first': False, 'cmake_force_configure': False, 'cmake_target': None, 'cmake_target_skip_unavailable': False, 'install_base': '/workspace/install/star', 'merge_install': False, 'path': '/workspace/src/star', 'symlink_install': True, 'test_result_base': None}
[1.002s] Level 5:colcon.colcon_core.verb:set package 'survey' build argument 'cmake_args' from command line to 'None'
[1.002s] Level 5:colcon.colcon_core.verb:set package 'survey' build argument 'cmake_target' from command line to 'None'
[1.002s] Level 5:colcon.colcon_core.verb:set package 'survey' build argument 'cmake_target_skip_unavailable' from command line to 'False'
[1.002s] Level 5:colcon.colcon_core.verb:set package 'survey' build argument 'cmake_clean_cache' from command line to 'False'
[1.002s] Level 5:colcon.colcon_core.verb:set package 'survey' build argument 'cmake_clean_first' from command line to 'False'
[1.002s] Level 5:colcon.colcon_core.verb:set package 'survey' build argument 'cmake_force_configure' from command line to 'False'
[1.002s] Level 5:colcon.colcon_core.verb:set package 'survey' build argument 'ament_cmake_args' from command line to 'None'
[1.002s] Level 5:colcon.colcon_core.verb:set package 'survey' build argument 'catkin_cmake_args' from command line to 'None'
[1.003s] Level 5:colcon.colcon_core.verb:set package 'survey' build argument 'catkin_skip_building_tests' from command line to 'False'
[1.003s] DEBUG:colcon.colcon_core.verb:Building package 'survey' with the following arguments: {'ament_cmake_args': None, 'build_base': '/workspace/build/survey', 'catkin_cmake_args': None, 'catkin_skip_building_tests': False, 'cmake_args': None, 'cmake_clean_cache': False, 'cmake_clean_first': False, 'cmake_force_configure': False, 'cmake_target': None, 'cmake_target_skip_unavailable': False, 'install_base': '/workspace/install/survey', 'merge_install': False, 'path': '/workspace/src/survey', 'symlink_install': True, 'test_result_base': None}
[1.003s] INFO:colcon.colcon_core.executor:Executing jobs using 'parallel' executor
[1.008s] DEBUG:colcon.colcon_parallel_executor.executor.parallel:run_until_complete
[1.008s] INFO:colcon.colcon_ros.task.ament_python.build:Building ROS package in '/workspace/src/star' with build type 'ament_python'
[1.008s] Level 1:colcon.colcon_core.shell:create_environment_hook('star', 'ament_prefix_path')
[1.022s] INFO:colcon.colcon_core.plugin_system:Skipping extension 'colcon_core.shell.bat': Not used on non-Windows systems
[1.022s] INFO:colcon.colcon_core.shell:Creating environment hook '/workspace/install/star/share/star/hook/ament_prefix_path.ps1'
[1.024s] INFO:colcon.colcon_core.shell:Creating environment descriptor '/workspace/install/star/share/star/hook/ament_prefix_path.dsv'
[1.025s] INFO:colcon.colcon_core.shell:Creating environment hook '/workspace/install/star/share/star/hook/ament_prefix_path.sh'
[1.027s] INFO:colcon.colcon_core.shell:Skip shell extension 'powershell' for command environment: Not usable outside of PowerShell
[1.027s] DEBUG:colcon.colcon_core.shell:Skip shell extension 'dsv' for command environment
[1.034s] INFO:colcon.colcon_ros.task.ament_cmake.build:Building ROS package in '/workspace/src/survey' with build type 'ament_cmake'
[1.034s] INFO:colcon.colcon_cmake.task.cmake.build:Building CMake package in '/workspace/src/survey'
[1.035s] INFO:colcon.colcon_core.shell:Skip shell extension 'powershell' for command environment: Not usable outside of PowerShell
[1.036s] DEBUG:colcon.colcon_core.shell:Skip shell extension 'dsv' for command environment
[1.349s] INFO:colcon.colcon_core.task.python.build:Building Python package in '/workspace/src/star'
[1.352s] INFO:colcon.colcon_core.shell:Skip shell extension 'powershell' for command environment: Not usable outside of PowerShell
[1.352s] DEBUG:colcon.colcon_core.shell:Skip shell extension 'dsv' for command environment
[1.363s] DEBUG:colcon.colcon_core.event_handler.log_command:Invoking command in '/workspace/build/survey': CMAKE_PREFIX_PATH=${CMAKE_PREFIX_PATH}:/workspace/install/star:/opt/ros/humble /usr/bin/cmake /workspace/src/survey -DAMENT_CMAKE_SYMLINK_INSTALL=1 -DCMAKE_INSTALL_PREFIX=/workspace/install/survey
[1.790s] DEBUG:colcon.colcon_core.event_handler.log_command:Invoked command in '/workspace/build/survey' returned '0': CMAKE_PREFIX_PATH=${CMAKE_PREFIX_PATH}:/workspace/install/star:/opt/ros/humble /usr/bin/cmake /workspace/src/survey -DAMENT_CMAKE_SYMLINK_INSTALL=1 -DCMAKE_INSTALL_PREFIX=/workspace/install/survey
[1.795s] DEBUG:colcon.colcon_core.event_handler.log_command:Invoking command in '/workspace/build/survey': CMAKE_PREFIX_PATH=${CMAKE_PREFIX_PATH}:/workspace/install/star:/opt/ros/humble /usr/bin/cmake --build /workspace/build/survey -- -j8 -l8
[1.856s] DEBUG:colcon.colcon_core.task.python.build:While undoing a previous installation files outside the Python library path are being ignored: /workspace/install/star/share/ament_index/resource_index/packages/star
[1.856s] DEBUG:colcon.colcon_core.task.python.build:While undoing a previous installation files outside the Python library path are being ignored: /workspace/install/star/share/star/package.xml
[1.859s] DEBUG:colcon.colcon_core.event_handler.log_command:Invoking command in '/workspace/build/star': PYTHONPATH=/workspace/build/star/prefix_override:/workspace/install/star/lib/python3.10/site-packages:${PYTHONPATH} /usr/bin/python3 setup.py develop --editable --build-directory /workspace/build/star/build --no-deps install_data
[1.867s] DEBUG:colcon.colcon_core.event_handler.log_command:Invoked command in '/workspace/build/survey' returned '0': CMAKE_PREFIX_PATH=${CMAKE_PREFIX_PATH}:/workspace/install/star:/opt/ros/humble /usr/bin/cmake --build /workspace/build/survey -- -j8 -l8
[1.914s] DEBUG:colcon.colcon_core.event_handler.log_command:Invoking command in '/workspace/build/survey': CMAKE_PREFIX_PATH=${CMAKE_PREFIX_PATH}:/workspace/install/star:/opt/ros/humble /usr/bin/cmake --install /workspace/build/survey
[2.436s] Level 1:colcon.colcon_core.shell:create_environment_hook('star', 'pythonpath_develop')
[2.438s] INFO:colcon.colcon_core.shell:Creating environment hook '/workspace/build/star/share/star/hook/pythonpath_develop.ps1'
[2.438s] DEBUG:colcon.colcon_core.event_handler.log_command:Invoked command in '/workspace/build/star' returned '0': PYTHONPATH=/workspace/build/star/prefix_override:/workspace/install/star/lib/python3.10/site-packages:${PYTHONPATH} /usr/bin/python3 setup.py develop --editable --build-directory /workspace/build/star/build --no-deps install_data
[2.439s] INFO:colcon.colcon_core.shell:Creating environment descriptor '/workspace/build/star/share/star/hook/pythonpath_develop.dsv'
[2.439s] INFO:colcon.colcon_core.shell:Creating environment hook '/workspace/build/star/share/star/hook/pythonpath_develop.sh'
[2.457s] Level 1:colcon.colcon_core.environment:checking '/workspace/install/star' for CMake module files
[2.459s] Level 1:colcon.colcon_core.environment:checking '/workspace/install/star' for CMake config files
[2.460s] Level 1:colcon.colcon_core.environment:checking '/workspace/install/star/lib'
[2.461s] Level 1:colcon.colcon_core.environment:checking '/workspace/install/star/bin'
[2.461s] Level 1:colcon.colcon_core.environment:checking '/workspace/install/star/lib/pkgconfig/star.pc'
[2.461s] Level 1:colcon.colcon_core.environment:checking '/workspace/install/star/lib/python3.10/site-packages'
[2.461s] Level 1:colcon.colcon_core.shell:create_environment_hook('star', 'pythonpath')
[2.463s] INFO:colcon.colcon_core.shell:Creating environment hook '/workspace/install/star/share/star/hook/pythonpath.ps1'
[2.464s] INFO:colcon.colcon_core.shell:Creating environment descriptor '/workspace/install/star/share/star/hook/pythonpath.dsv'
[2.464s] INFO:colcon.colcon_core.shell:Creating environment hook '/workspace/install/star/share/star/hook/pythonpath.sh'
[2.465s] Level 1:colcon.colcon_core.environment:checking '/workspace/install/star/bin'
[2.465s] Level 1:colcon.colcon_core.environment:create_environment_scripts_only(star)
[2.467s] INFO:colcon.colcon_core.shell:Creating package script '/workspace/install/star/share/star/package.ps1'
[2.468s] INFO:colcon.colcon_core.shell:Creating package descriptor '/workspace/install/star/share/star/package.dsv'
[2.470s] INFO:colcon.colcon_core.shell:Creating package script '/workspace/install/star/share/star/package.sh'
[2.471s] INFO:colcon.colcon_core.shell:Creating package script '/workspace/install/star/share/star/package.bash'
[2.473s] INFO:colcon.colcon_core.shell:Creating package script '/workspace/install/star/share/star/package.zsh'
[2.474s] Level 1:colcon.colcon_core.environment:create_file_with_runtime_dependencies(/workspace/install/star/share/colcon-core/packages/star)
[2.508s] Level 1:colcon.colcon_core.environment:create_environment_scripts_only(survey)
[2.513s] Level 1:colcon.colcon_core.environment:checking '/workspace/install/survey' for CMake module files
[2.514s] DEBUG:colcon.colcon_core.event_handler.log_command:Invoked command in '/workspace/build/survey' returned '0': CMAKE_PREFIX_PATH=${CMAKE_PREFIX_PATH}:/workspace/install/star:/opt/ros/humble /usr/bin/cmake --install /workspace/build/survey
[2.516s] Level 1:colcon.colcon_core.environment:checking '/workspace/install/survey' for CMake config files
[2.517s] Level 1:colcon.colcon_core.shell:create_environment_hook('survey', 'cmake_prefix_path')
[2.521s] INFO:colcon.colcon_core.shell:Creating environment hook '/workspace/install/survey/share/survey/hook/cmake_prefix_path.ps1'
[2.522s] INFO:colcon.colcon_core.shell:Creating environment descriptor '/workspace/install/survey/share/survey/hook/cmake_prefix_path.dsv'
[2.523s] INFO:colcon.colcon_core.shell:Creating environment hook '/workspace/install/survey/share/survey/hook/cmake_prefix_path.sh'
[2.525s] Level 1:colcon.colcon_core.environment:checking '/workspace/install/survey/bin'
[2.526s] Level 1:colcon.colcon_core.environment:checking '/workspace/install/survey/lib/pkgconfig/survey.pc'
[2.526s] Level 1:colcon.colcon_core.environment:checking '/workspace/install/survey/lib/python3.10/site-packages'
[2.527s] Level 1:colcon.colcon_core.environment:checking '/workspace/install/survey/bin'
[2.530s] INFO:colcon.colcon_core.shell:Creating package script '/workspace/install/survey/share/survey/package.ps1'
[2.532s] INFO:colcon.colcon_core.shell:Creating package descriptor '/workspace/install/survey/share/survey/package.dsv'
[2.533s] INFO:colcon.colcon_core.shell:Creating package script '/workspace/install/survey/share/survey/package.sh'
[2.535s] INFO:colcon.colcon_core.shell:Creating package script '/workspace/install/survey/share/survey/package.bash'
[2.536s] INFO:colcon.colcon_core.shell:Creating package script '/workspace/install/survey/share/survey/package.zsh'
[2.538s] Level 1:colcon.colcon_core.environment:create_file_with_runtime_dependencies(/workspace/install/survey/share/colcon-core/packages/survey)
[2.571s] Level 1:colcon.colcon_core.environment:create_environment_scripts_only(survey)
[2.574s] Level 1:colcon.colcon_core.environment:checking '/workspace/install/survey' for CMake module files
[2.574s] Level 1:colcon.colcon_core.environment:checking '/workspace/install/survey' for CMake config files
[2.575s] Level 1:colcon.colcon_core.shell:create_environment_hook('survey', 'cmake_prefix_path')
[2.576s] INFO:colcon.colcon_core.shell:Creating environment hook '/workspace/install/survey/share/survey/hook/cmake_prefix_path.ps1'
[2.577s] INFO:colcon.colcon_core.shell:Creating environment descriptor '/workspace/install/survey/share/survey/hook/cmake_prefix_path.dsv'
[2.577s] INFO:colcon.colcon_core.shell:Creating environment hook '/workspace/install/survey/share/survey/hook/cmake_prefix_path.sh'
[2.577s] Level 1:colcon.colcon_core.environment:checking '/workspace/install/survey/bin'
[2.578s] Level 1:colcon.colcon_core.environment:checking '/workspace/install/survey/lib/pkgconfig/survey.pc'
[2.578s] Level 1:colcon.colcon_core.environment:checking '/workspace/install/survey/lib/python3.10/site-packages'
[2.578s] Level 1:colcon.colcon_core.environment:checking '/workspace/install/survey/bin'
[2.580s] INFO:colcon.colcon_core.shell:Creating package script '/workspace/install/survey/share/survey/package.ps1'
[2.580s] INFO:colcon.colcon_core.shell:Creating package descriptor '/workspace/install/survey/share/survey/package.dsv'
[2.581s] INFO:colcon.colcon_core.shell:Creating package script '/workspace/install/survey/share/survey/package.sh'
[2.581s] INFO:colcon.colcon_core.shell:Creating package script '/workspace/install/survey/share/survey/package.bash'
[2.582s] INFO:colcon.colcon_core.shell:Creating package script '/workspace/install/survey/share/survey/package.zsh'
[2.583s] Level 1:colcon.colcon_core.environment:create_file_with_runtime_dependencies(/workspace/install/survey/share/colcon-core/packages/survey)
[2.583s] DEBUG:colcon.colcon_parallel_executor.executor.parallel:closing loop
[2.583s] DEBUG:colcon.colcon_parallel_executor.executor.parallel:loop closed
[2.584s] DEBUG:colcon.colcon_parallel_executor.executor.parallel:run_until_complete finished with '0'
[2.584s] DEBUG:colcon.colcon_core.event_reactor:joining thread
[2.600s] INFO:colcon.colcon_core.plugin_system:Skipping extension 'colcon_notification.desktop_notification.notify_send': Could not find 'notify-send'
[2.600s] INFO:colcon.colcon_core.plugin_system:Skipping extension 'colcon_notification.desktop_notification.terminal_notifier': Not used on non-Darwin systems
[2.600s] INFO:colcon.colcon_core.plugin_system:Skipping extension 'colcon_notification.desktop_notification.win32': Not used on non-Windows systems
[2.600s] INFO:colcon.colcon_notification.desktop_notification:Sending desktop notification using 'notify2'
[2.606s] DEBUG:colcon.colcon_notification.desktop_notification.notify2:Failed to initialize notify2: org.freedesktop.DBus.Error.Spawn.ExecFailed: /usr/bin/dbus-launch terminated abnormally without any error message
[2.606s] DEBUG:colcon.colcon_core.event_reactor:joined thread
[2.611s] INFO:colcon.colcon_core.shell:Creating prefix script '/workspace/install/local_setup.ps1'
[2.615s] INFO:colcon.colcon_core.shell:Creating prefix util module '/workspace/install/_local_setup_util_ps1.py'
[2.620s] INFO:colcon.colcon_core.shell:Creating prefix chain script '/workspace/install/setup.ps1'
[2.624s] INFO:colcon.colcon_core.shell:Creating prefix script '/workspace/install/local_setup.sh'
[2.626s] INFO:colcon.colcon_core.shell:Creating prefix util module '/workspace/install/_local_setup_util_sh.py'
[2.627s] INFO:colcon.colcon_core.shell:Creating prefix chain script '/workspace/install/setup.sh'
[2.632s] INFO:colcon.colcon_core.shell:Creating prefix script '/workspace/install/local_setup.bash'
[2.634s] INFO:colcon.colcon_core.shell:Creating prefix chain script '/workspace/install/setup.bash'
[2.639s] INFO:colcon.colcon_core.shell:Creating prefix script '/workspace/install/local_setup.zsh'
[2.641s] INFO:colcon.colcon_core.shell:Creating prefix chain script '/workspace/install/setup.zsh'
